#
# A fatal error has been detected by the Java Runtime Environment:
#
#  EXCEPTION_ACCESS_VIOLATION (0xc0000005) at pc=0x00007ffae3db7d70, pid=16476, tid=16652
#
# JRE version: Java(TM) SE Runtime Environment (13.0.2+8) (build 13.0.2+8)
# Java VM: Java HotSpot(TM) 64-Bit network.Server VM (13.0.2+8, mixed mode, sharing, tiered, compressed oops, g1 gc, windows-amd64)
# Problematic frame:
# C  [opengl32.dll+0x27d70]
#
# No core dump will be written. Minidumps are not enabled by default on client versions of Windows
#
# If you would like to submit a bug report, please visit:
#   http://bugreport.java.com/bugreport/crash.jsp
# The crash happened outside the Java Virtual Machine in native code.
# See problematic frame for where to report the bug.
#

---------------  S U M M A R Y ------------

Command Line: -Dvisualvm.id=115628301846700 -javaagent:E:\Program Files (x86)\apps\IDEA-U\ch-0\212.5457.46\lib\idea_rt.jar=52451:E:\Program Files (x86)\apps\IDEA-U\ch-0\212.5457.46\bin -Dfile.encoding=UTF-8 App 2D 1

Host: AMD Ryzen 5 3600 6-Core Processor              , 12 cores, 31G,  Windows 10 , 64 bit Build 19041 (10.0.19041.1348)
Time: Wed Dec  1 21:57:00 2021 Paris, Madrid elapsed time: 0 seconds (0d 0h 0m 0s)

---------------  T H R E A D  ---------------

Current thread (0x000001d4cf3a4800):  JavaThread "Thread-0" [_thread_in_native, id=16652, stack(0x000000c4aee00000,0x000000c4aef00000)]

Stack: [0x000000c4aee00000,0x000000c4aef00000],  sp=0x000000c4aeefe8e0,  free space=1018k
Native frames: (J=compiled Java code, j=interpreted, Vv=VM code, C=native code)
C  [opengl32.dll+0x27d70]

Java frames: (J=compiled Java code, j=interpreted, Vv=VM code)
j  org.lwjgl.system.JNI.callI(J)I+0
j  org.lwjgl.opengl.GL.createCapabilities(ZLjava/util/function/IntFunction;)Lorg/lwjgl/opengl/GLCapabilities;+78
j  org.lwjgl.opengl.GL.createCapabilities(Ljava/util/function/IntFunction;)Lorg/lwjgl/opengl/GLCapabilities;+2
j  org.lwjgl.opengl.GL.createCapabilities()Lorg/lwjgl/opengl/GLCapabilities;+1
j  engine.geometry.Mesh.<init>([F[F[IZ)V+25
j  engine.geometry.Mesh.Cube(Z)Lgraphics/Mesh;+1004
j  App.run()V+36
v  ~StubRoutines::call_stub

siginfo: EXCEPTION_ACCESS_VIOLATION (0xc0000005), reading address 0x0000000000000828


Register to memory mapping:

RIP=0x00007ffae3db7d70 opengl32.dll
RAX=0x0 is NULL
RBX={method} {0x000001d4ceac1b28} 'callI' '(J)I' in 'org/lwjgl/system/JNI'
RCX=0x000000c4ad473000 points into unknown readable memory: 00 00 00 00 00 00 00 00
RDX=0x000000c4aeefe9a0 is pointing into the stack for thread: 0x000001d4cf3a4800
RSP=0x000000c4aeefe8e0 is pointing into the stack for thread: 0x000001d4cf3a4800
RBP=0x000000c4aeefe990 is pointing into the stack for thread: 0x000001d4cf3a4800
RSI=0x0 is NULL
RDI=0x000001d4ceb66620 is pointing into metadata
R8 =0x00007ffae3db7d40 opengl32.dll
R9 =0x000000000000006f is an unknown value
R10=0x000001d4a926f4c8 is at code_begin+1000 in an Interpreter codelet
method entry point (kind = native)  [0x000001d4a926f0e0, 0x000001d4a926fc40]  2912 bytes
R11=0x0000000620867ee8 is an oop: java.lang.Class 
{0x0000000620867ee8} - klass: 'java/lang/Class'
R12=0x0 is NULL
R13={method} {0x000001d4ceac1b28} 'callI' '(J)I' in 'org/lwjgl/system/JNI'
R14=0x000000c4aeefe9b8 is pointing into the stack for thread: 0x000001d4cf3a4800
R15=0x000001d4cf3a4800 is a thread


Registers:
RAX=0x0000000000000000, RBX=0x000001d4ceac1b20, RCX=0x000000c4ad473000, RDX=0x000000c4aeefe9a0
RSP=0x000000c4aeefe8e0, RBP=0x000000c4aeefe990, RSI=0x0000000000000000, RDI=0x000001d4ceb66620
R8 =0x00007ffae3db7d40, R9 =0x000000000000006f, R10=0x000001d4a926f4c8, R11=0x0000000620867ee8
R12=0x0000000000000000, R13=0x000001d4ceac1b20, R14=0x000000c4aeefe9b8, R15=0x000001d4cf3a4800
RIP=0x00007ffae3db7d70, EFLAGS=0x0000000000010283

Top of Stack: (sp=0x000000c4aeefe8e0)
0x000000c4aeefe8e0:   0000000620988268 00000006204d2250
0x000000c4aeefe8f0:   000001d4ceb0c510 000001d4cf3a4800
0x000000c4aeefe900:   000000c4aeefea08 000001d4a926f4f7
0x000000c4aeefe910:   0000000000000000 000001d4a9268a90
0x000000c4aeefe920:   000000c4aeefeb90 000001d4a927e832
0x000000c4aeefe930:   000001d4a9268a90 000000c400000000
0x000000c4aeefe940:   000000c4aeefebd8 000000c4aeefe948
0x000000c4aeefe950:   0000000000000000 000000c4aeefe9b8
0x000000c4aeefe960:   000001d4ceaec290 0000000000000000
0x000000c4aeefe970:   0000000620867ee8 000001d4ceac1b20
0x000000c4aeefe980:   0000000000000000 000000c4aeefe9b0
0x000000c4aeefe990:   000000c4aeefea08 000001d4a9269c80
0x000000c4aeefe9a0:   0000000620867ee8 000001d4a926c416
0x000000c4aeefe9b0:   00007ffae3db7d40 0000000000000000
0x000000c4aeefe9c0:   000000c4aeefe9c0 000001d4ceb0c76e
0x000000c4aeefe9d0:   000000c4aeefead0 000001d4ceb0e0a0 

Instructions: (pc=0x00007ffae3db7d70)
0x00007ffae3db7c70:   5f 48 ff 25 b0 97 0b 00 cc cc cc cc cc cc cc cc
0x00007ffae3db7c80:   48 89 5c 24 08 57 48 83 ec 20 8b f9 48 8b da 8b
0x00007ffae3db7c90:   0d 1b 37 0d 00 83 f9 40 73 15 65 4c 8b 04 25 30
0x00007ffae3db7ca0:   00 00 00 8b 05 7f 0d 0f 00 49 8b 04 00 eb 0c 48
0x00007ffae3db7cb0:   ff 15 9a 92 0b 00 0f 1f 44 00 00 48 8b 80 18 08
0x00007ffae3db7cc0:   00 00 48 8b d3 8b cf 48 8b 5c 24 30 48 83 c4 20
0x00007ffae3db7cd0:   5f 48 ff 25 50 97 0b 00 cc cc cc cc cc cc cc cc
0x00007ffae3db7ce0:   48 89 5c 24 08 57 48 83 ec 20 8b f9 48 8b da 8b
0x00007ffae3db7cf0:   0d bb 36 0d 00 83 f9 40 73 15 65 4c 8b 04 25 30
0x00007ffae3db7d00:   00 00 00 8b 05 1f 0d 0f 00 49 8b 04 00 eb 0c 48
0x00007ffae3db7d10:   ff 15 3a 92 0b 00 0f 1f 44 00 00 48 8b 80 20 08
0x00007ffae3db7d20:   00 00 48 8b d3 8b cf 48 8b 5c 24 30 48 83 c4 20
0x00007ffae3db7d30:   5f 48 ff 25 f0 96 0b 00 cc cc cc cc cc cc cc cc
0x00007ffae3db7d40:   48 83 ec 28 8b 0d 66 36 0d 00 83 f9 40 73 15 65
0x00007ffae3db7d50:   48 8b 0c 25 30 00 00 00 8b 05 ca 0c 0f 00 48 8b
0x00007ffae3db7d60:   04 01 eb 0c 48 ff 15 e5 91 0b 00 0f 1f 44 00 00
0x00007ffae3db7d70:   48 8b 80 28 08 00 00 48 83 c4 28 48 ff 25 a6 96
0x00007ffae3db7d80:   0b 00 cc cc cc cc cc cc cc cc cc cc cc cc cc cc
0x00007ffae3db7d90:   48 89 5c 24 08 57 48 83 ec 20 8b f9 48 8b da 8b
0x00007ffae3db7da0:   0d 0b 36 0d 00 83 f9 40 73 15 65 4c 8b 04 25 30
0x00007ffae3db7db0:   00 00 00 8b 05 6f 0c 0f 00 49 8b 04 00 eb 0c 48
0x00007ffae3db7dc0:   ff 15 8a 91 0b 00 0f 1f 44 00 00 48 8b 80 30 08
0x00007ffae3db7dd0:   00 00 48 8b d3 8b cf 48 8b 5c 24 30 48 83 c4 20
0x00007ffae3db7de0:   5f 48 ff 25 40 96 0b 00 cc cc cc cc cc cc cc cc
0x00007ffae3db7df0:   48 89 5c 24 08 57 48 83 ec 20 8b f9 48 8b da 8b
0x00007ffae3db7e00:   0d ab 35 0d 00 83 f9 40 73 15 65 4c 8b 04 25 30
0x00007ffae3db7e10:   00 00 00 8b 05 0f 0c 0f 00 49 8b 04 00 eb 0c 48
0x00007ffae3db7e20:   ff 15 2a 91 0b 00 0f 1f 44 00 00 48 8b 80 38 08
0x00007ffae3db7e30:   00 00 48 8b d3 8b cf 48 8b 5c 24 30 48 83 c4 20
0x00007ffae3db7e40:   5f 48 ff 25 e0 95 0b 00 cc cc cc cc cc cc cc cc
0x00007ffae3db7e50:   48 89 5c 24 08 48 89 74 24 10 57 48 83 ec 20 8b
0x00007ffae3db7e60:   f1 49 8b d8 8b 0d 46 35 0d 00 8b fa 83 f9 40 73 


Stack slot to memory mapping:
stack at sp + 0 slots: 0x0000000620988268 is an oop: org.lwjgl.opengl.GL$1 
{0x0000000620988268} - klass: 'org/lwjgl/opengl/GL$1'
stack at sp + 1 slots: 0x00000006204d2250 is an oop: java.nio.DirectByteBuffer 
{0x00000006204d2250} - klass: 'java/nio/DirectByteBuffer'
stack at sp + 2 slots: {method} {0x000001d4ceb0c518} 'createCapabilities' '()Lorg/lwjgl/opengl/GLCapabilities;' in 'org/lwjgl/opengl/GL'
stack at sp + 3 slots: 0x000001d4cf3a4800 is a thread
stack at sp + 4 slots: 0x000000c4aeefea08 is pointing into the stack for thread: 0x000001d4cf3a4800
stack at sp + 5 slots: 0x000001d4a926f4f7 is at code_begin+1047 in an Interpreter codelet
method entry point (kind = native)  [0x000001d4a926f0e0, 0x000001d4a926fc40]  2912 bytes
stack at sp + 6 slots: 0x0 is NULL
stack at sp + 7 slots: 0x000001d4a9268a90 is at code_begin+-112 in 
[CodeBlob (0x000001d4a9268a90)]
Framesize: 0
BufferBlob (0x000001d4a9268a90) used for Interpreter


---------------  P R O C E S S  ---------------

Threads class SMR info:
_java_thread_list=0x000001d4cf3a6bf0, length=14, elements={
0x000001d4ce5cb800, 0x000001d4ce5ce800, 0x000001d4cef06800, 0x000001d4cef07800,
0x000001d4cef0a000, 0x000001d4cef0c000, 0x000001d4cef1b800, 0x000001d4cf026800,
0x000001d4cf054000, 0x000001d4cf38b000, 0x000001d4cf38c800, 0x000001d4cf3a3800,
0x000001d4cf3a4800, 0x000001d4a0d59800
}

Java Threads: ( => current thread )
  0x000001d4ce5cb800 JavaThread "Reference Handler" daemon [_thread_blocked, id=13184, stack(0x000000c4ae100000,0x000000c4ae200000)]
  0x000001d4ce5ce800 JavaThread "Finalizer" daemon [_thread_blocked, id=10000, stack(0x000000c4ae200000,0x000000c4ae300000)]
  0x000001d4cef06800 JavaThread "Signal Dispatcher" daemon [_thread_blocked, id=14532, stack(0x000000c4ae300000,0x000000c4ae400000)]
  0x000001d4cef07800 JavaThread "Attach Listener" daemon [_thread_blocked, id=14772, stack(0x000000c4ae400000,0x000000c4ae500000)]
  0x000001d4cef0a000 JavaThread "C2 CompilerThread0" daemon [_thread_blocked, id=9752, stack(0x000000c4ae500000,0x000000c4ae600000)]
  0x000001d4cef0c000 JavaThread "C1 CompilerThread0" daemon [_thread_blocked, id=804, stack(0x000000c4ae600000,0x000000c4ae700000)]
  0x000001d4cef1b800 JavaThread "Sweeper thread" daemon [_thread_blocked, id=15852, stack(0x000000c4ae700000,0x000000c4ae800000)]
  0x000001d4cf026800 JavaThread "Common-Cleaner" daemon [_thread_blocked, id=12012, stack(0x000000c4ae800000,0x000000c4ae900000)]
  0x000001d4cf054000 JavaThread "C2 CompilerThread1" daemon [_thread_blocked, id=3356, stack(0x000000c4ae900000,0x000000c4aea00000)]
  0x000001d4cf38b000 JavaThread "Monitor Ctrl-Break" daemon [_thread_in_native, id=15300, stack(0x000000c4aea00000,0x000000c4aeb00000)]
  0x000001d4cf38c800 JavaThread "Service Thread" daemon [_thread_blocked, id=8676, stack(0x000000c4aeb00000,0x000000c4aec00000)]
  0x000001d4cf3a3800 JavaThread "Thread-1" [_thread_in_native, id=20532, stack(0x000000c4aed00000,0x000000c4aee00000)]
=>0x000001d4cf3a4800 JavaThread "Thread-0" [_thread_in_native, id=16652, stack(0x000000c4aee00000,0x000000c4aef00000)]
  0x000001d4a0d59800 JavaThread "DestroyJavaVM" [_thread_blocked, id=19512, stack(0x000000c4ada00000,0x000000c4adb00000)]

Other Threads:
  0x000001d4ce5c3800 VMThread "VM Thread" [stack: 0x000000c4ae000000,0x000000c4ae100000] [id=2104]
  0x000001d4cf38e000 WatcherThread [stack: 0x000000c4aec00000,0x000000c4aed00000] [id=10004]
  0x000001d4a0ddb800 GCTaskThread "GC Thread#0" [stack: 0x000000c4adb00000,0x000000c4adc00000] [id=19316]
  0x000001d4a0dfd000 ConcurrentGCThread "G1 Main Marker" [stack: 0x000000c4adc00000,0x000000c4add00000] [id=12652]
  0x000001d4a0e00000 ConcurrentGCThread "G1 Conc#0" [stack: 0x000000c4add00000,0x000000c4ade00000] [id=12188]
  0x000001d4ce55b000 ConcurrentGCThread "G1 Refine#0" [stack: 0x000000c4ade00000,0x000000c4adf00000] [id=19400]
  0x000001d4ce55c000 ConcurrentGCThread "G1 Young RemSet Sampling" [stack: 0x000000c4adf00000,0x000000c4ae000000] [id=748]

Threads with active compile tasks:

VM state:not at safepoint (normal execution)

VM Mutex/Monitor currently owned by a thread: None

Heap address: 0x0000000601400000, size: 8172 MB, Compressed Oops mode: Zero based, Oop shift amount: 3
Narrow klass base: 0x0000000800000000, Narrow klass shift: 3
Compressed class space size: 1073741824 Address: 0x0000000800b40000

Heap:
 garbage-first heap   total 524288K, used 12288K [0x0000000601400000, 0x0000000800000000)
  region size 2048K, 8 young (16384K), 0 survivors (0K)
 Metaspace       used 4565K, capacity 7383K, committed 7552K, reserved 1056768K
  class space    used 286K, capacity 577K, committed 640K, reserved 1048576K
Heap Regions: E=young(eden), S=young(survivor), O=old, HS=humongous(starts), HC=humongous(continues), CS=collection set, F=free, A=archive, TAMS=top-at-mark-start (previous, next)
|   0|0x0000000601400000, 0x0000000601400000, 0x0000000601600000|  0%| F|  |TAMS 0x0000000601400000, 0x0000000601400000| Untracked 
|   1|0x0000000601600000, 0x0000000601600000, 0x0000000601800000|  0%| F|  |TAMS 0x0000000601600000, 0x0000000601600000| Untracked 
|   2|0x0000000601800000, 0x0000000601800000, 0x0000000601a00000|  0%| F|  |TAMS 0x0000000601800000, 0x0000000601800000| Untracked 
|   3|0x0000000601a00000, 0x0000000601a00000, 0x0000000601c00000|  0%| F|  |TAMS 0x0000000601a00000, 0x0000000601a00000| Untracked 
|   4|0x0000000601c00000, 0x0000000601c00000, 0x0000000601e00000|  0%| F|  |TAMS 0x0000000601c00000, 0x0000000601c00000| Untracked 
|   5|0x0000000601e00000, 0x0000000601e00000, 0x0000000602000000|  0%| F|  |TAMS 0x0000000601e00000, 0x0000000601e00000| Untracked 
|   6|0x0000000602000000, 0x0000000602000000, 0x0000000602200000|  0%| F|  |TAMS 0x0000000602000000, 0x0000000602000000| Untracked 
|   7|0x0000000602200000, 0x0000000602200000, 0x0000000602400000|  0%| F|  |TAMS 0x0000000602200000, 0x0000000602200000| Untracked 
|   8|0x0000000602400000, 0x0000000602400000, 0x0000000602600000|  0%| F|  |TAMS 0x0000000602400000, 0x0000000602400000| Untracked 
|   9|0x0000000602600000, 0x0000000602600000, 0x0000000602800000|  0%| F|  |TAMS 0x0000000602600000, 0x0000000602600000| Untracked 
|  10|0x0000000602800000, 0x0000000602800000, 0x0000000602a00000|  0%| F|  |TAMS 0x0000000602800000, 0x0000000602800000| Untracked 
|  11|0x0000000602a00000, 0x0000000602a00000, 0x0000000602c00000|  0%| F|  |TAMS 0x0000000602a00000, 0x0000000602a00000| Untracked 
|  12|0x0000000602c00000, 0x0000000602c00000, 0x0000000602e00000|  0%| F|  |TAMS 0x0000000602c00000, 0x0000000602c00000| Untracked 
|  13|0x0000000602e00000, 0x0000000602e00000, 0x0000000603000000|  0%| F|  |TAMS 0x0000000602e00000, 0x0000000602e00000| Untracked 
|  14|0x0000000603000000, 0x0000000603000000, 0x0000000603200000|  0%| F|  |TAMS 0x0000000603000000, 0x0000000603000000| Untracked 
|  15|0x0000000603200000, 0x0000000603200000, 0x0000000603400000|  0%| F|  |TAMS 0x0000000603200000, 0x0000000603200000| Untracked 
|  16|0x0000000603400000, 0x0000000603400000, 0x0000000603600000|  0%| F|  |TAMS 0x0000000603400000, 0x0000000603400000| Untracked 
|  17|0x0000000603600000, 0x0000000603600000, 0x0000000603800000|  0%| F|  |TAMS 0x0000000603600000, 0x0000000603600000| Untracked 
|  18|0x0000000603800000, 0x0000000603800000, 0x0000000603a00000|  0%| F|  |TAMS 0x0000000603800000, 0x0000000603800000| Untracked 
|  19|0x0000000603a00000, 0x0000000603a00000, 0x0000000603c00000|  0%| F|  |TAMS 0x0000000603a00000, 0x0000000603a00000| Untracked 
|  20|0x0000000603c00000, 0x0000000603c00000, 0x0000000603e00000|  0%| F|  |TAMS 0x0000000603c00000, 0x0000000603c00000| Untracked 
|  21|0x0000000603e00000, 0x0000000603e00000, 0x0000000604000000|  0%| F|  |TAMS 0x0000000603e00000, 0x0000000603e00000| Untracked 
|  22|0x0000000604000000, 0x0000000604000000, 0x0000000604200000|  0%| F|  |TAMS 0x0000000604000000, 0x0000000604000000| Untracked 
|  23|0x0000000604200000, 0x0000000604200000, 0x0000000604400000|  0%| F|  |TAMS 0x0000000604200000, 0x0000000604200000| Untracked 
|  24|0x0000000604400000, 0x0000000604400000, 0x0000000604600000|  0%| F|  |TAMS 0x0000000604400000, 0x0000000604400000| Untracked 
|  25|0x0000000604600000, 0x0000000604600000, 0x0000000604800000|  0%| F|  |TAMS 0x0000000604600000, 0x0000000604600000| Untracked 
|  26|0x0000000604800000, 0x0000000604800000, 0x0000000604a00000|  0%| F|  |TAMS 0x0000000604800000, 0x0000000604800000| Untracked 
|  27|0x0000000604a00000, 0x0000000604a00000, 0x0000000604c00000|  0%| F|  |TAMS 0x0000000604a00000, 0x0000000604a00000| Untracked 
|  28|0x0000000604c00000, 0x0000000604c00000, 0x0000000604e00000|  0%| F|  |TAMS 0x0000000604c00000, 0x0000000604c00000| Untracked 
|  29|0x0000000604e00000, 0x0000000604e00000, 0x0000000605000000|  0%| F|  |TAMS 0x0000000604e00000, 0x0000000604e00000| Untracked 
|  30|0x0000000605000000, 0x0000000605000000, 0x0000000605200000|  0%| F|  |TAMS 0x0000000605000000, 0x0000000605000000| Untracked 
|  31|0x0000000605200000, 0x0000000605200000, 0x0000000605400000|  0%| F|  |TAMS 0x0000000605200000, 0x0000000605200000| Untracked 
|  32|0x0000000605400000, 0x0000000605400000, 0x0000000605600000|  0%| F|  |TAMS 0x0000000605400000, 0x0000000605400000| Untracked 
|  33|0x0000000605600000, 0x0000000605600000, 0x0000000605800000|  0%| F|  |TAMS 0x0000000605600000, 0x0000000605600000| Untracked 
|  34|0x0000000605800000, 0x0000000605800000, 0x0000000605a00000|  0%| F|  |TAMS 0x0000000605800000, 0x0000000605800000| Untracked 
|  35|0x0000000605a00000, 0x0000000605a00000, 0x0000000605c00000|  0%| F|  |TAMS 0x0000000605a00000, 0x0000000605a00000| Untracked 
|  36|0x0000000605c00000, 0x0000000605c00000, 0x0000000605e00000|  0%| F|  |TAMS 0x0000000605c00000, 0x0000000605c00000| Untracked 
|  37|0x0000000605e00000, 0x0000000605e00000, 0x0000000606000000|  0%| F|  |TAMS 0x0000000605e00000, 0x0000000605e00000| Untracked 
|  38|0x0000000606000000, 0x0000000606000000, 0x0000000606200000|  0%| F|  |TAMS 0x0000000606000000, 0x0000000606000000| Untracked 
|  39|0x0000000606200000, 0x0000000606200000, 0x0000000606400000|  0%| F|  |TAMS 0x0000000606200000, 0x0000000606200000| Untracked 
|  40|0x0000000606400000, 0x0000000606400000, 0x0000000606600000|  0%| F|  |TAMS 0x0000000606400000, 0x0000000606400000| Untracked 
|  41|0x0000000606600000, 0x0000000606600000, 0x0000000606800000|  0%| F|  |TAMS 0x0000000606600000, 0x0000000606600000| Untracked 
|  42|0x0000000606800000, 0x0000000606800000, 0x0000000606a00000|  0%| F|  |TAMS 0x0000000606800000, 0x0000000606800000| Untracked 
|  43|0x0000000606a00000, 0x0000000606a00000, 0x0000000606c00000|  0%| F|  |TAMS 0x0000000606a00000, 0x0000000606a00000| Untracked 
|  44|0x0000000606c00000, 0x0000000606c00000, 0x0000000606e00000|  0%| F|  |TAMS 0x0000000606c00000, 0x0000000606c00000| Untracked 
|  45|0x0000000606e00000, 0x0000000606e00000, 0x0000000607000000|  0%| F|  |TAMS 0x0000000606e00000, 0x0000000606e00000| Untracked 
|  46|0x0000000607000000, 0x0000000607000000, 0x0000000607200000|  0%| F|  |TAMS 0x0000000607000000, 0x0000000607000000| Untracked 
|  47|0x0000000607200000, 0x0000000607200000, 0x0000000607400000|  0%| F|  |TAMS 0x0000000607200000, 0x0000000607200000| Untracked 
|  48|0x0000000607400000, 0x0000000607400000, 0x0000000607600000|  0%| F|  |TAMS 0x0000000607400000, 0x0000000607400000| Untracked 
|  49|0x0000000607600000, 0x0000000607600000, 0x0000000607800000|  0%| F|  |TAMS 0x0000000607600000, 0x0000000607600000| Untracked 
|  50|0x0000000607800000, 0x0000000607800000, 0x0000000607a00000|  0%| F|  |TAMS 0x0000000607800000, 0x0000000607800000| Untracked 
|  51|0x0000000607a00000, 0x0000000607a00000, 0x0000000607c00000|  0%| F|  |TAMS 0x0000000607a00000, 0x0000000607a00000| Untracked 
|  52|0x0000000607c00000, 0x0000000607c00000, 0x0000000607e00000|  0%| F|  |TAMS 0x0000000607c00000, 0x0000000607c00000| Untracked 
|  53|0x0000000607e00000, 0x0000000607e00000, 0x0000000608000000|  0%| F|  |TAMS 0x0000000607e00000, 0x0000000607e00000| Untracked 
|  54|0x0000000608000000, 0x0000000608000000, 0x0000000608200000|  0%| F|  |TAMS 0x0000000608000000, 0x0000000608000000| Untracked 
|  55|0x0000000608200000, 0x0000000608200000, 0x0000000608400000|  0%| F|  |TAMS 0x0000000608200000, 0x0000000608200000| Untracked 
|  56|0x0000000608400000, 0x0000000608400000, 0x0000000608600000|  0%| F|  |TAMS 0x0000000608400000, 0x0000000608400000| Untracked 
|  57|0x0000000608600000, 0x0000000608600000, 0x0000000608800000|  0%| F|  |TAMS 0x0000000608600000, 0x0000000608600000| Untracked 
|  58|0x0000000608800000, 0x0000000608800000, 0x0000000608a00000|  0%| F|  |TAMS 0x0000000608800000, 0x0000000608800000| Untracked 
|  59|0x0000000608a00000, 0x0000000608a00000, 0x0000000608c00000|  0%| F|  |TAMS 0x0000000608a00000, 0x0000000608a00000| Untracked 
|  60|0x0000000608c00000, 0x0000000608c00000, 0x0000000608e00000|  0%| F|  |TAMS 0x0000000608c00000, 0x0000000608c00000| Untracked 
|  61|0x0000000608e00000, 0x0000000608e00000, 0x0000000609000000|  0%| F|  |TAMS 0x0000000608e00000, 0x0000000608e00000| Untracked 
|  62|0x0000000609000000, 0x0000000609000000, 0x0000000609200000|  0%| F|  |TAMS 0x0000000609000000, 0x0000000609000000| Untracked 
|  63|0x0000000609200000, 0x0000000609200000, 0x0000000609400000|  0%| F|  |TAMS 0x0000000609200000, 0x0000000609200000| Untracked 
|  64|0x0000000609400000, 0x0000000609400000, 0x0000000609600000|  0%| F|  |TAMS 0x0000000609400000, 0x0000000609400000| Untracked 
|  65|0x0000000609600000, 0x0000000609600000, 0x0000000609800000|  0%| F|  |TAMS 0x0000000609600000, 0x0000000609600000| Untracked 
|  66|0x0000000609800000, 0x0000000609800000, 0x0000000609a00000|  0%| F|  |TAMS 0x0000000609800000, 0x0000000609800000| Untracked 
|  67|0x0000000609a00000, 0x0000000609a00000, 0x0000000609c00000|  0%| F|  |TAMS 0x0000000609a00000, 0x0000000609a00000| Untracked 
|  68|0x0000000609c00000, 0x0000000609c00000, 0x0000000609e00000|  0%| F|  |TAMS 0x0000000609c00000, 0x0000000609c00000| Untracked 
|  69|0x0000000609e00000, 0x0000000609e00000, 0x000000060a000000|  0%| F|  |TAMS 0x0000000609e00000, 0x0000000609e00000| Untracked 
|  70|0x000000060a000000, 0x000000060a000000, 0x000000060a200000|  0%| F|  |TAMS 0x000000060a000000, 0x000000060a000000| Untracked 
|  71|0x000000060a200000, 0x000000060a200000, 0x000000060a400000|  0%| F|  |TAMS 0x000000060a200000, 0x000000060a200000| Untracked 
|  72|0x000000060a400000, 0x000000060a400000, 0x000000060a600000|  0%| F|  |TAMS 0x000000060a400000, 0x000000060a400000| Untracked 
|  73|0x000000060a600000, 0x000000060a600000, 0x000000060a800000|  0%| F|  |TAMS 0x000000060a600000, 0x000000060a600000| Untracked 
|  74|0x000000060a800000, 0x000000060a800000, 0x000000060aa00000|  0%| F|  |TAMS 0x000000060a800000, 0x000000060a800000| Untracked 
|  75|0x000000060aa00000, 0x000000060aa00000, 0x000000060ac00000|  0%| F|  |TAMS 0x000000060aa00000, 0x000000060aa00000| Untracked 
|  76|0x000000060ac00000, 0x000000060ac00000, 0x000000060ae00000|  0%| F|  |TAMS 0x000000060ac00000, 0x000000060ac00000| Untracked 
|  77|0x000000060ae00000, 0x000000060ae00000, 0x000000060b000000|  0%| F|  |TAMS 0x000000060ae00000, 0x000000060ae00000| Untracked 
|  78|0x000000060b000000, 0x000000060b000000, 0x000000060b200000|  0%| F|  |TAMS 0x000000060b000000, 0x000000060b000000| Untracked 
|  79|0x000000060b200000, 0x000000060b200000, 0x000000060b400000|  0%| F|  |TAMS 0x000000060b200000, 0x000000060b200000| Untracked 
|  80|0x000000060b400000, 0x000000060b400000, 0x000000060b600000|  0%| F|  |TAMS 0x000000060b400000, 0x000000060b400000| Untracked 
|  81|0x000000060b600000, 0x000000060b600000, 0x000000060b800000|  0%| F|  |TAMS 0x000000060b600000, 0x000000060b600000| Untracked 
|  82|0x000000060b800000, 0x000000060b800000, 0x000000060ba00000|  0%| F|  |TAMS 0x000000060b800000, 0x000000060b800000| Untracked 
|  83|0x000000060ba00000, 0x000000060ba00000, 0x000000060bc00000|  0%| F|  |TAMS 0x000000060ba00000, 0x000000060ba00000| Untracked 
|  84|0x000000060bc00000, 0x000000060bc00000, 0x000000060be00000|  0%| F|  |TAMS 0x000000060bc00000, 0x000000060bc00000| Untracked 
|  85|0x000000060be00000, 0x000000060be00000, 0x000000060c000000|  0%| F|  |TAMS 0x000000060be00000, 0x000000060be00000| Untracked 
|  86|0x000000060c000000, 0x000000060c000000, 0x000000060c200000|  0%| F|  |TAMS 0x000000060c000000, 0x000000060c000000| Untracked 
|  87|0x000000060c200000, 0x000000060c200000, 0x000000060c400000|  0%| F|  |TAMS 0x000000060c200000, 0x000000060c200000| Untracked 
|  88|0x000000060c400000, 0x000000060c400000, 0x000000060c600000|  0%| F|  |TAMS 0x000000060c400000, 0x000000060c400000| Untracked 
|  89|0x000000060c600000, 0x000000060c600000, 0x000000060c800000|  0%| F|  |TAMS 0x000000060c600000, 0x000000060c600000| Untracked 
|  90|0x000000060c800000, 0x000000060c800000, 0x000000060ca00000|  0%| F|  |TAMS 0x000000060c800000, 0x000000060c800000| Untracked 
|  91|0x000000060ca00000, 0x000000060ca00000, 0x000000060cc00000|  0%| F|  |TAMS 0x000000060ca00000, 0x000000060ca00000| Untracked 
|  92|0x000000060cc00000, 0x000000060cc00000, 0x000000060ce00000|  0%| F|  |TAMS 0x000000060cc00000, 0x000000060cc00000| Untracked 
|  93|0x000000060ce00000, 0x000000060ce00000, 0x000000060d000000|  0%| F|  |TAMS 0x000000060ce00000, 0x000000060ce00000| Untracked 
|  94|0x000000060d000000, 0x000000060d000000, 0x000000060d200000|  0%| F|  |TAMS 0x000000060d000000, 0x000000060d000000| Untracked 
|  95|0x000000060d200000, 0x000000060d200000, 0x000000060d400000|  0%| F|  |TAMS 0x000000060d200000, 0x000000060d200000| Untracked 
|  96|0x000000060d400000, 0x000000060d400000, 0x000000060d600000|  0%| F|  |TAMS 0x000000060d400000, 0x000000060d400000| Untracked 
|  97|0x000000060d600000, 0x000000060d600000, 0x000000060d800000|  0%| F|  |TAMS 0x000000060d600000, 0x000000060d600000| Untracked 
|  98|0x000000060d800000, 0x000000060d800000, 0x000000060da00000|  0%| F|  |TAMS 0x000000060d800000, 0x000000060d800000| Untracked 
|  99|0x000000060da00000, 0x000000060da00000, 0x000000060dc00000|  0%| F|  |TAMS 0x000000060da00000, 0x000000060da00000| Untracked 
| 100|0x000000060dc00000, 0x000000060dc00000, 0x000000060de00000|  0%| F|  |TAMS 0x000000060dc00000, 0x000000060dc00000| Untracked 
| 101|0x000000060de00000, 0x000000060de00000, 0x000000060e000000|  0%| F|  |TAMS 0x000000060de00000, 0x000000060de00000| Untracked 
| 102|0x000000060e000000, 0x000000060e000000, 0x000000060e200000|  0%| F|  |TAMS 0x000000060e000000, 0x000000060e000000| Untracked 
| 103|0x000000060e200000, 0x000000060e200000, 0x000000060e400000|  0%| F|  |TAMS 0x000000060e200000, 0x000000060e200000| Untracked 
| 104|0x000000060e400000, 0x000000060e400000, 0x000000060e600000|  0%| F|  |TAMS 0x000000060e400000, 0x000000060e400000| Untracked 
| 105|0x000000060e600000, 0x000000060e600000, 0x000000060e800000|  0%| F|  |TAMS 0x000000060e600000, 0x000000060e600000| Untracked 
| 106|0x000000060e800000, 0x000000060e800000, 0x000000060ea00000|  0%| F|  |TAMS 0x000000060e800000, 0x000000060e800000| Untracked 
| 107|0x000000060ea00000, 0x000000060ea00000, 0x000000060ec00000|  0%| F|  |TAMS 0x000000060ea00000, 0x000000060ea00000| Untracked 
| 108|0x000000060ec00000, 0x000000060ec00000, 0x000000060ee00000|  0%| F|  |TAMS 0x000000060ec00000, 0x000000060ec00000| Untracked 
| 109|0x000000060ee00000, 0x000000060ee00000, 0x000000060f000000|  0%| F|  |TAMS 0x000000060ee00000, 0x000000060ee00000| Untracked 
| 110|0x000000060f000000, 0x000000060f000000, 0x000000060f200000|  0%| F|  |TAMS 0x000000060f000000, 0x000000060f000000| Untracked 
| 111|0x000000060f200000, 0x000000060f200000, 0x000000060f400000|  0%| F|  |TAMS 0x000000060f200000, 0x000000060f200000| Untracked 
| 112|0x000000060f400000, 0x000000060f400000, 0x000000060f600000|  0%| F|  |TAMS 0x000000060f400000, 0x000000060f400000| Untracked 
| 113|0x000000060f600000, 0x000000060f600000, 0x000000060f800000|  0%| F|  |TAMS 0x000000060f600000, 0x000000060f600000| Untracked 
| 114|0x000000060f800000, 0x000000060f800000, 0x000000060fa00000|  0%| F|  |TAMS 0x000000060f800000, 0x000000060f800000| Untracked 
| 115|0x000000060fa00000, 0x000000060fa00000, 0x000000060fc00000|  0%| F|  |TAMS 0x000000060fa00000, 0x000000060fa00000| Untracked 
| 116|0x000000060fc00000, 0x000000060fc00000, 0x000000060fe00000|  0%| F|  |TAMS 0x000000060fc00000, 0x000000060fc00000| Untracked 
| 117|0x000000060fe00000, 0x000000060fe00000, 0x0000000610000000|  0%| F|  |TAMS 0x000000060fe00000, 0x000000060fe00000| Untracked 
| 118|0x0000000610000000, 0x0000000610000000, 0x0000000610200000|  0%| F|  |TAMS 0x0000000610000000, 0x0000000610000000| Untracked 
| 119|0x0000000610200000, 0x0000000610200000, 0x0000000610400000|  0%| F|  |TAMS 0x0000000610200000, 0x0000000610200000| Untracked 
| 120|0x0000000610400000, 0x0000000610400000, 0x0000000610600000|  0%| F|  |TAMS 0x0000000610400000, 0x0000000610400000| Untracked 
| 121|0x0000000610600000, 0x0000000610600000, 0x0000000610800000|  0%| F|  |TAMS 0x0000000610600000, 0x0000000610600000| Untracked 
| 122|0x0000000610800000, 0x0000000610800000, 0x0000000610a00000|  0%| F|  |TAMS 0x0000000610800000, 0x0000000610800000| Untracked 
| 123|0x0000000610a00000, 0x0000000610a00000, 0x0000000610c00000|  0%| F|  |TAMS 0x0000000610a00000, 0x0000000610a00000| Untracked 
| 124|0x0000000610c00000, 0x0000000610c00000, 0x0000000610e00000|  0%| F|  |TAMS 0x0000000610c00000, 0x0000000610c00000| Untracked 
| 125|0x0000000610e00000, 0x0000000610e00000, 0x0000000611000000|  0%| F|  |TAMS 0x0000000610e00000, 0x0000000610e00000| Untracked 
| 126|0x0000000611000000, 0x0000000611000000, 0x0000000611200000|  0%| F|  |TAMS 0x0000000611000000, 0x0000000611000000| Untracked 
| 127|0x0000000611200000, 0x0000000611200000, 0x0000000611400000|  0%| F|  |TAMS 0x0000000611200000, 0x0000000611200000| Untracked 
| 128|0x0000000611400000, 0x0000000611400000, 0x0000000611600000|  0%| F|  |TAMS 0x0000000611400000, 0x0000000611400000| Untracked 
| 129|0x0000000611600000, 0x0000000611600000, 0x0000000611800000|  0%| F|  |TAMS 0x0000000611600000, 0x0000000611600000| Untracked 
| 130|0x0000000611800000, 0x0000000611800000, 0x0000000611a00000|  0%| F|  |TAMS 0x0000000611800000, 0x0000000611800000| Untracked 
| 131|0x0000000611a00000, 0x0000000611a00000, 0x0000000611c00000|  0%| F|  |TAMS 0x0000000611a00000, 0x0000000611a00000| Untracked 
| 132|0x0000000611c00000, 0x0000000611c00000, 0x0000000611e00000|  0%| F|  |TAMS 0x0000000611c00000, 0x0000000611c00000| Untracked 
| 133|0x0000000611e00000, 0x0000000611e00000, 0x0000000612000000|  0%| F|  |TAMS 0x0000000611e00000, 0x0000000611e00000| Untracked 
| 134|0x0000000612000000, 0x0000000612000000, 0x0000000612200000|  0%| F|  |TAMS 0x0000000612000000, 0x0000000612000000| Untracked 
| 135|0x0000000612200000, 0x0000000612200000, 0x0000000612400000|  0%| F|  |TAMS 0x0000000612200000, 0x0000000612200000| Untracked 
| 136|0x0000000612400000, 0x0000000612400000, 0x0000000612600000|  0%| F|  |TAMS 0x0000000612400000, 0x0000000612400000| Untracked 
| 137|0x0000000612600000, 0x0000000612600000, 0x0000000612800000|  0%| F|  |TAMS 0x0000000612600000, 0x0000000612600000| Untracked 
| 138|0x0000000612800000, 0x0000000612800000, 0x0000000612a00000|  0%| F|  |TAMS 0x0000000612800000, 0x0000000612800000| Untracked 
| 139|0x0000000612a00000, 0x0000000612a00000, 0x0000000612c00000|  0%| F|  |TAMS 0x0000000612a00000, 0x0000000612a00000| Untracked 
| 140|0x0000000612c00000, 0x0000000612c00000, 0x0000000612e00000|  0%| F|  |TAMS 0x0000000612c00000, 0x0000000612c00000| Untracked 
| 141|0x0000000612e00000, 0x0000000612e00000, 0x0000000613000000|  0%| F|  |TAMS 0x0000000612e00000, 0x0000000612e00000| Untracked 
| 142|0x0000000613000000, 0x0000000613000000, 0x0000000613200000|  0%| F|  |TAMS 0x0000000613000000, 0x0000000613000000| Untracked 
| 143|0x0000000613200000, 0x0000000613200000, 0x0000000613400000|  0%| F|  |TAMS 0x0000000613200000, 0x0000000613200000| Untracked 
| 144|0x0000000613400000, 0x0000000613400000, 0x0000000613600000|  0%| F|  |TAMS 0x0000000613400000, 0x0000000613400000| Untracked 
| 145|0x0000000613600000, 0x0000000613600000, 0x0000000613800000|  0%| F|  |TAMS 0x0000000613600000, 0x0000000613600000| Untracked 
| 146|0x0000000613800000, 0x0000000613800000, 0x0000000613a00000|  0%| F|  |TAMS 0x0000000613800000, 0x0000000613800000| Untracked 
| 147|0x0000000613a00000, 0x0000000613a00000, 0x0000000613c00000|  0%| F|  |TAMS 0x0000000613a00000, 0x0000000613a00000| Untracked 
| 148|0x0000000613c00000, 0x0000000613c00000, 0x0000000613e00000|  0%| F|  |TAMS 0x0000000613c00000, 0x0000000613c00000| Untracked 
| 149|0x0000000613e00000, 0x0000000613e00000, 0x0000000614000000|  0%| F|  |TAMS 0x0000000613e00000, 0x0000000613e00000| Untracked 
| 150|0x0000000614000000, 0x0000000614000000, 0x0000000614200000|  0%| F|  |TAMS 0x0000000614000000, 0x0000000614000000| Untracked 
| 151|0x0000000614200000, 0x0000000614200000, 0x0000000614400000|  0%| F|  |TAMS 0x0000000614200000, 0x0000000614200000| Untracked 
| 152|0x0000000614400000, 0x0000000614400000, 0x0000000614600000|  0%| F|  |TAMS 0x0000000614400000, 0x0000000614400000| Untracked 
| 153|0x0000000614600000, 0x0000000614600000, 0x0000000614800000|  0%| F|  |TAMS 0x0000000614600000, 0x0000000614600000| Untracked 
| 154|0x0000000614800000, 0x0000000614800000, 0x0000000614a00000|  0%| F|  |TAMS 0x0000000614800000, 0x0000000614800000| Untracked 
| 155|0x0000000614a00000, 0x0000000614a00000, 0x0000000614c00000|  0%| F|  |TAMS 0x0000000614a00000, 0x0000000614a00000| Untracked 
| 156|0x0000000614c00000, 0x0000000614c00000, 0x0000000614e00000|  0%| F|  |TAMS 0x0000000614c00000, 0x0000000614c00000| Untracked 
| 157|0x0000000614e00000, 0x0000000614e00000, 0x0000000615000000|  0%| F|  |TAMS 0x0000000614e00000, 0x0000000614e00000| Untracked 
| 158|0x0000000615000000, 0x0000000615000000, 0x0000000615200000|  0%| F|  |TAMS 0x0000000615000000, 0x0000000615000000| Untracked 
| 159|0x0000000615200000, 0x0000000615200000, 0x0000000615400000|  0%| F|  |TAMS 0x0000000615200000, 0x0000000615200000| Untracked 
| 160|0x0000000615400000, 0x0000000615400000, 0x0000000615600000|  0%| F|  |TAMS 0x0000000615400000, 0x0000000615400000| Untracked 
| 161|0x0000000615600000, 0x0000000615600000, 0x0000000615800000|  0%| F|  |TAMS 0x0000000615600000, 0x0000000615600000| Untracked 
| 162|0x0000000615800000, 0x0000000615800000, 0x0000000615a00000|  0%| F|  |TAMS 0x0000000615800000, 0x0000000615800000| Untracked 
| 163|0x0000000615a00000, 0x0000000615a00000, 0x0000000615c00000|  0%| F|  |TAMS 0x0000000615a00000, 0x0000000615a00000| Untracked 
| 164|0x0000000615c00000, 0x0000000615c00000, 0x0000000615e00000|  0%| F|  |TAMS 0x0000000615c00000, 0x0000000615c00000| Untracked 
| 165|0x0000000615e00000, 0x0000000615e00000, 0x0000000616000000|  0%| F|  |TAMS 0x0000000615e00000, 0x0000000615e00000| Untracked 
| 166|0x0000000616000000, 0x0000000616000000, 0x0000000616200000|  0%| F|  |TAMS 0x0000000616000000, 0x0000000616000000| Untracked 
| 167|0x0000000616200000, 0x0000000616200000, 0x0000000616400000|  0%| F|  |TAMS 0x0000000616200000, 0x0000000616200000| Untracked 
| 168|0x0000000616400000, 0x0000000616400000, 0x0000000616600000|  0%| F|  |TAMS 0x0000000616400000, 0x0000000616400000| Untracked 
| 169|0x0000000616600000, 0x0000000616600000, 0x0000000616800000|  0%| F|  |TAMS 0x0000000616600000, 0x0000000616600000| Untracked 
| 170|0x0000000616800000, 0x0000000616800000, 0x0000000616a00000|  0%| F|  |TAMS 0x0000000616800000, 0x0000000616800000| Untracked 
| 171|0x0000000616a00000, 0x0000000616a00000, 0x0000000616c00000|  0%| F|  |TAMS 0x0000000616a00000, 0x0000000616a00000| Untracked 
| 172|0x0000000616c00000, 0x0000000616c00000, 0x0000000616e00000|  0%| F|  |TAMS 0x0000000616c00000, 0x0000000616c00000| Untracked 
| 173|0x0000000616e00000, 0x0000000616e00000, 0x0000000617000000|  0%| F|  |TAMS 0x0000000616e00000, 0x0000000616e00000| Untracked 
| 174|0x0000000617000000, 0x0000000617000000, 0x0000000617200000|  0%| F|  |TAMS 0x0000000617000000, 0x0000000617000000| Untracked 
| 175|0x0000000617200000, 0x0000000617200000, 0x0000000617400000|  0%| F|  |TAMS 0x0000000617200000, 0x0000000617200000| Untracked 
| 176|0x0000000617400000, 0x0000000617400000, 0x0000000617600000|  0%| F|  |TAMS 0x0000000617400000, 0x0000000617400000| Untracked 
| 177|0x0000000617600000, 0x0000000617600000, 0x0000000617800000|  0%| F|  |TAMS 0x0000000617600000, 0x0000000617600000| Untracked 
| 178|0x0000000617800000, 0x0000000617800000, 0x0000000617a00000|  0%| F|  |TAMS 0x0000000617800000, 0x0000000617800000| Untracked 
| 179|0x0000000617a00000, 0x0000000617a00000, 0x0000000617c00000|  0%| F|  |TAMS 0x0000000617a00000, 0x0000000617a00000| Untracked 
| 180|0x0000000617c00000, 0x0000000617c00000, 0x0000000617e00000|  0%| F|  |TAMS 0x0000000617c00000, 0x0000000617c00000| Untracked 
| 181|0x0000000617e00000, 0x0000000617e00000, 0x0000000618000000|  0%| F|  |TAMS 0x0000000617e00000, 0x0000000617e00000| Untracked 
| 182|0x0000000618000000, 0x0000000618000000, 0x0000000618200000|  0%| F|  |TAMS 0x0000000618000000, 0x0000000618000000| Untracked 
| 183|0x0000000618200000, 0x0000000618200000, 0x0000000618400000|  0%| F|  |TAMS 0x0000000618200000, 0x0000000618200000| Untracked 
| 184|0x0000000618400000, 0x0000000618400000, 0x0000000618600000|  0%| F|  |TAMS 0x0000000618400000, 0x0000000618400000| Untracked 
| 185|0x0000000618600000, 0x0000000618600000, 0x0000000618800000|  0%| F|  |TAMS 0x0000000618600000, 0x0000000618600000| Untracked 
| 186|0x0000000618800000, 0x0000000618800000, 0x0000000618a00000|  0%| F|  |TAMS 0x0000000618800000, 0x0000000618800000| Untracked 
| 187|0x0000000618a00000, 0x0000000618a00000, 0x0000000618c00000|  0%| F|  |TAMS 0x0000000618a00000, 0x0000000618a00000| Untracked 
| 188|0x0000000618c00000, 0x0000000618c00000, 0x0000000618e00000|  0%| F|  |TAMS 0x0000000618c00000, 0x0000000618c00000| Untracked 
| 189|0x0000000618e00000, 0x0000000618e00000, 0x0000000619000000|  0%| F|  |TAMS 0x0000000618e00000, 0x0000000618e00000| Untracked 
| 190|0x0000000619000000, 0x0000000619000000, 0x0000000619200000|  0%| F|  |TAMS 0x0000000619000000, 0x0000000619000000| Untracked 
| 191|0x0000000619200000, 0x0000000619200000, 0x0000000619400000|  0%| F|  |TAMS 0x0000000619200000, 0x0000000619200000| Untracked 
| 192|0x0000000619400000, 0x0000000619400000, 0x0000000619600000|  0%| F|  |TAMS 0x0000000619400000, 0x0000000619400000| Untracked 
| 193|0x0000000619600000, 0x0000000619600000, 0x0000000619800000|  0%| F|  |TAMS 0x0000000619600000, 0x0000000619600000| Untracked 
| 194|0x0000000619800000, 0x0000000619800000, 0x0000000619a00000|  0%| F|  |TAMS 0x0000000619800000, 0x0000000619800000| Untracked 
| 195|0x0000000619a00000, 0x0000000619a00000, 0x0000000619c00000|  0%| F|  |TAMS 0x0000000619a00000, 0x0000000619a00000| Untracked 
| 196|0x0000000619c00000, 0x0000000619c00000, 0x0000000619e00000|  0%| F|  |TAMS 0x0000000619c00000, 0x0000000619c00000| Untracked 
| 197|0x0000000619e00000, 0x0000000619e00000, 0x000000061a000000|  0%| F|  |TAMS 0x0000000619e00000, 0x0000000619e00000| Untracked 
| 198|0x000000061a000000, 0x000000061a000000, 0x000000061a200000|  0%| F|  |TAMS 0x000000061a000000, 0x000000061a000000| Untracked 
| 199|0x000000061a200000, 0x000000061a200000, 0x000000061a400000|  0%| F|  |TAMS 0x000000061a200000, 0x000000061a200000| Untracked 
| 200|0x000000061a400000, 0x000000061a400000, 0x000000061a600000|  0%| F|  |TAMS 0x000000061a400000, 0x000000061a400000| Untracked 
| 201|0x000000061a600000, 0x000000061a600000, 0x000000061a800000|  0%| F|  |TAMS 0x000000061a600000, 0x000000061a600000| Untracked 
| 202|0x000000061a800000, 0x000000061a800000, 0x000000061aa00000|  0%| F|  |TAMS 0x000000061a800000, 0x000000061a800000| Untracked 
| 203|0x000000061aa00000, 0x000000061aa00000, 0x000000061ac00000|  0%| F|  |TAMS 0x000000061aa00000, 0x000000061aa00000| Untracked 
| 204|0x000000061ac00000, 0x000000061ac00000, 0x000000061ae00000|  0%| F|  |TAMS 0x000000061ac00000, 0x000000061ac00000| Untracked 
| 205|0x000000061ae00000, 0x000000061ae00000, 0x000000061b000000|  0%| F|  |TAMS 0x000000061ae00000, 0x000000061ae00000| Untracked 
| 206|0x000000061b000000, 0x000000061b000000, 0x000000061b200000|  0%| F|  |TAMS 0x000000061b000000, 0x000000061b000000| Untracked 
| 207|0x000000061b200000, 0x000000061b200000, 0x000000061b400000|  0%| F|  |TAMS 0x000000061b200000, 0x000000061b200000| Untracked 
| 208|0x000000061b400000, 0x000000061b400000, 0x000000061b600000|  0%| F|  |TAMS 0x000000061b400000, 0x000000061b400000| Untracked 
| 209|0x000000061b600000, 0x000000061b600000, 0x000000061b800000|  0%| F|  |TAMS 0x000000061b600000, 0x000000061b600000| Untracked 
| 210|0x000000061b800000, 0x000000061b800000, 0x000000061ba00000|  0%| F|  |TAMS 0x000000061b800000, 0x000000061b800000| Untracked 
| 211|0x000000061ba00000, 0x000000061ba00000, 0x000000061bc00000|  0%| F|  |TAMS 0x000000061ba00000, 0x000000061ba00000| Untracked 
| 212|0x000000061bc00000, 0x000000061bc00000, 0x000000061be00000|  0%| F|  |TAMS 0x000000061bc00000, 0x000000061bc00000| Untracked 
| 213|0x000000061be00000, 0x000000061be00000, 0x000000061c000000|  0%| F|  |TAMS 0x000000061be00000, 0x000000061be00000| Untracked 
| 214|0x000000061c000000, 0x000000061c000000, 0x000000061c200000|  0%| F|  |TAMS 0x000000061c000000, 0x000000061c000000| Untracked 
| 215|0x000000061c200000, 0x000000061c200000, 0x000000061c400000|  0%| F|  |TAMS 0x000000061c200000, 0x000000061c200000| Untracked 
| 216|0x000000061c400000, 0x000000061c400000, 0x000000061c600000|  0%| F|  |TAMS 0x000000061c400000, 0x000000061c400000| Untracked 
| 217|0x000000061c600000, 0x000000061c600000, 0x000000061c800000|  0%| F|  |TAMS 0x000000061c600000, 0x000000061c600000| Untracked 
| 218|0x000000061c800000, 0x000000061c800000, 0x000000061ca00000|  0%| F|  |TAMS 0x000000061c800000, 0x000000061c800000| Untracked 
| 219|0x000000061ca00000, 0x000000061ca00000, 0x000000061cc00000|  0%| F|  |TAMS 0x000000061ca00000, 0x000000061ca00000| Untracked 
| 220|0x000000061cc00000, 0x000000061cc00000, 0x000000061ce00000|  0%| F|  |TAMS 0x000000061cc00000, 0x000000061cc00000| Untracked 
| 221|0x000000061ce00000, 0x000000061ce00000, 0x000000061d000000|  0%| F|  |TAMS 0x000000061ce00000, 0x000000061ce00000| Untracked 
| 222|0x000000061d000000, 0x000000061d000000, 0x000000061d200000|  0%| F|  |TAMS 0x000000061d000000, 0x000000061d000000| Untracked 
| 223|0x000000061d200000, 0x000000061d200000, 0x000000061d400000|  0%| F|  |TAMS 0x000000061d200000, 0x000000061d200000| Untracked 
| 224|0x000000061d400000, 0x000000061d400000, 0x000000061d600000|  0%| F|  |TAMS 0x000000061d400000, 0x000000061d400000| Untracked 
| 225|0x000000061d600000, 0x000000061d600000, 0x000000061d800000|  0%| F|  |TAMS 0x000000061d600000, 0x000000061d600000| Untracked 
| 226|0x000000061d800000, 0x000000061d800000, 0x000000061da00000|  0%| F|  |TAMS 0x000000061d800000, 0x000000061d800000| Untracked 
| 227|0x000000061da00000, 0x000000061da00000, 0x000000061dc00000|  0%| F|  |TAMS 0x000000061da00000, 0x000000061da00000| Untracked 
| 228|0x000000061dc00000, 0x000000061dc00000, 0x000000061de00000|  0%| F|  |TAMS 0x000000061dc00000, 0x000000061dc00000| Untracked 
| 229|0x000000061de00000, 0x000000061de00000, 0x000000061e000000|  0%| F|  |TAMS 0x000000061de00000, 0x000000061de00000| Untracked 
| 230|0x000000061e000000, 0x000000061e000000, 0x000000061e200000|  0%| F|  |TAMS 0x000000061e000000, 0x000000061e000000| Untracked 
| 231|0x000000061e200000, 0x000000061e200000, 0x000000061e400000|  0%| F|  |TAMS 0x000000061e200000, 0x000000061e200000| Untracked 
| 232|0x000000061e400000, 0x000000061e400000, 0x000000061e600000|  0%| F|  |TAMS 0x000000061e400000, 0x000000061e400000| Untracked 
| 233|0x000000061e600000, 0x000000061e600000, 0x000000061e800000|  0%| F|  |TAMS 0x000000061e600000, 0x000000061e600000| Untracked 
| 234|0x000000061e800000, 0x000000061e800000, 0x000000061ea00000|  0%| F|  |TAMS 0x000000061e800000, 0x000000061e800000| Untracked 
| 235|0x000000061ea00000, 0x000000061ea00000, 0x000000061ec00000|  0%| F|  |TAMS 0x000000061ea00000, 0x000000061ea00000| Untracked 
| 236|0x000000061ec00000, 0x000000061ec00000, 0x000000061ee00000|  0%| F|  |TAMS 0x000000061ec00000, 0x000000061ec00000| Untracked 
| 237|0x000000061ee00000, 0x000000061ee00000, 0x000000061f000000|  0%| F|  |TAMS 0x000000061ee00000, 0x000000061ee00000| Untracked 
| 238|0x000000061f000000, 0x000000061f000000, 0x000000061f200000|  0%| F|  |TAMS 0x000000061f000000, 0x000000061f000000| Untracked 
| 239|0x000000061f200000, 0x000000061f200000, 0x000000061f400000|  0%| F|  |TAMS 0x000000061f200000, 0x000000061f200000| Untracked 
| 240|0x000000061f400000, 0x000000061f400000, 0x000000061f600000|  0%| F|  |TAMS 0x000000061f400000, 0x000000061f400000| Untracked 
| 241|0x000000061f600000, 0x000000061f600000, 0x000000061f800000|  0%| F|  |TAMS 0x000000061f600000, 0x000000061f600000| Untracked 
| 242|0x000000061f800000, 0x000000061f800000, 0x000000061fa00000|  0%| F|  |TAMS 0x000000061f800000, 0x000000061f800000| Untracked 
| 243|0x000000061fa00000, 0x000000061fa00000, 0x000000061fc00000|  0%| F|  |TAMS 0x000000061fa00000, 0x000000061fa00000| Untracked 
| 244|0x000000061fc00000, 0x000000061fc00000, 0x000000061fe00000|  0%| F|  |TAMS 0x000000061fc00000, 0x000000061fc00000| Untracked 
| 245|0x000000061fe00000, 0x000000061fe00000, 0x0000000620000000|  0%| F|  |TAMS 0x000000061fe00000, 0x000000061fe00000| Untracked 
| 246|0x0000000620000000, 0x0000000620000000, 0x0000000620200000|  0%| F|  |TAMS 0x0000000620000000, 0x0000000620000000| Untracked 
| 247|0x0000000620200000, 0x0000000620200000, 0x0000000620400000|  0%| F|  |TAMS 0x0000000620200000, 0x0000000620200000| Untracked 
| 248|0x0000000620400000, 0x00000006205c5730, 0x0000000620600000| 88%| E|  |TAMS 0x0000000620400000, 0x0000000620400000| Complete 
| 249|0x0000000620600000, 0x0000000620800000, 0x0000000620800000|100%| E|CS|TAMS 0x0000000620600000, 0x0000000620600000| Complete 
| 250|0x0000000620800000, 0x0000000620a00000, 0x0000000620a00000|100%| E|  |TAMS 0x0000000620800000, 0x0000000620800000| Complete 
| 251|0x0000000620a00000, 0x0000000620c00000, 0x0000000620c00000|100%| E|CS|TAMS 0x0000000620a00000, 0x0000000620a00000| Complete 
| 252|0x0000000620c00000, 0x0000000620e00000, 0x0000000620e00000|100%| E|CS|TAMS 0x0000000620c00000, 0x0000000620c00000| Complete 
| 253|0x0000000620e00000, 0x0000000621000000, 0x0000000621000000|100%| E|CS|TAMS 0x0000000620e00000, 0x0000000620e00000| Complete 
| 254|0x0000000621000000, 0x0000000621200000, 0x0000000621200000|100%| E|CS|TAMS 0x0000000621000000, 0x0000000621000000| Complete 
| 255|0x0000000621200000, 0x0000000621400000, 0x0000000621400000|100%| E|CS|TAMS 0x0000000621200000, 0x0000000621200000| Complete 

Card table byte_map: [0x000001d4b98c0000,0x000001d4ba8c0000] _byte_map_base: 0x000001d4b68b6000

Marking Bits (Prev, Next): (CMBitMap*) 0x000001d4a0ddc718, (CMBitMap*) 0x000001d4a0ddc758
 Prev Bits: [0x000001d4bb8c0000, 0x000001d4c3870000)
 Next Bits: [0x000001d4c3870000, 0x000001d4cb820000)

Polling page: 0x000001d49eca0000

Metaspace:

Usage:
  Non-class:      6.65 MB capacity,     4.18 MB ( 63%) used,     2.46 MB ( 37%) free+waste,    11.38 KB ( <1%) overhead. 
      Class:    577.00 KB capacity,   286.80 KB ( 50%) used,   284.20 KB ( 49%) free+waste,     6.00 KB (  1%) overhead. 
       Both:      7.21 MB capacity,     4.46 MB ( 62%) used,     2.73 MB ( 38%) free+waste,    17.38 KB ( <1%) overhead. 

Virtual space:
  Non-class space:        8.00 MB reserved,       6.75 MB ( 84%) committed 
      Class space:        1.00 GB reserved,     640.00 KB ( <1%) committed 
             Both:        1.01 GB reserved,       7.38 MB ( <1%) committed 

Chunk freelists:
   Non-Class:  106.00 KB
       Class:  0 bytes
        Both:  106.00 KB

MaxMetaspaceSize: 17179869184.00 GB
CompressedClassSpaceSize: 1.00 GB

CodeHeap 'non-profiled nmethods': size=120000Kb used=254Kb max_used=254Kb free=119745Kb
 bounds [0x000001d4b0d30000, 0x000001d4b0fa0000, 0x000001d4b8260000]
CodeHeap 'profiled nmethods': size=120000Kb used=1148Kb max_used=1148Kb free=118851Kb
 bounds [0x000001d4a9800000, 0x000001d4a9a70000, 0x000001d4b0d30000]
CodeHeap 'non-nmethods': size=5760Kb used=1595Kb max_used=1595Kb free=4164Kb
 bounds [0x000001d4a9260000, 0x000001d4a94d0000, 0x000001d4a9800000]
 total_blobs=2157 nmethods=731 adapters=889
 compilation: enabled
              stopped_count=0, restarted_count=0
 full_count=0

Compilation events (20 events):
Event: 0.421 Thread 0x000001d4cef0c000  721       3       jdk.internal.jimage.ImageStringsReader::hashCode (8 bytes)
Event: 0.421 Thread 0x000001d4cef0c000 nmethod 721 0x000001d4a991aa10 code [0x000001d4a991abe0, 0x000001d4a991ae60]
Event: 0.421 Thread 0x000001d4cef0c000  722       3       jdk.internal.module.SystemModuleFinders$SystemModuleReader::find (54 bytes)
Event: 0.422 Thread 0x000001d4cef0c000 nmethod 722 0x000001d4a991af90 code [0x000001d4a991b2a0, 0x000001d4a991c3e0]
Event: 0.422 Thread 0x000001d4cef0c000  726       1       java.util.regex.Pattern::lambda$ALL$3 (2 bytes)
Event: 0.422 Thread 0x000001d4cef0c000 nmethod 726 0x000001d4b0d6ef10 code [0x000001d4b0d6f0a0, 0x000001d4b0d6f198]
Event: 0.422 Thread 0x000001d4cef0c000  727       3       java.nio.HeapCharBuffer::ix (7 bytes)
Event: 0.422 Thread 0x000001d4cef0c000 nmethod 727 0x000001d4a991ca10 code [0x000001d4a991cba0, 0x000001d4a991cd18]
Event: 0.422 Thread 0x000001d4cef0c000  728       3       java.lang.Character::codePointAt (51 bytes)
Event: 0.422 Thread 0x000001d4cef0c000 nmethod 728 0x000001d4a991cd90 code [0x000001d4a991cf80, 0x000001d4a991d670]
Event: 0.422 Thread 0x000001d4cef0c000  723       3       java.lang.String::<init> (10 bytes)
Event: 0.422 Thread 0x000001d4cef0c000 nmethod 723 0x000001d4a991d810 code [0x000001d4a991d9c0, 0x000001d4a991db90]
Event: 0.422 Thread 0x000001d4cef0c000  724       1       java.util.stream.AbstractPipeline::getStreamAndOpFlags (5 bytes)
Event: 0.422 Thread 0x000001d4cef0c000 nmethod 724 0x000001d4b0d6f210 code [0x000001d4b0d6f3a0, 0x000001d4b0d6f4d8]
Event: 0.422 Thread 0x000001d4cef0c000  725       1       java.util.stream.FindOps$FindOp::getOpFlags (5 bytes)
Event: 0.422 Thread 0x000001d4cef0c000 nmethod 725 0x000001d4b0d6f590 code [0x000001d4b0d6f720, 0x000001d4b0d6f858]
Event: 0.423 Thread 0x000001d4cef0c000  729       3       java.util.ArrayDeque::elementAt (4 bytes)
Event: 0.423 Thread 0x000001d4cef0c000 nmethod 729 0x000001d4a991dc90 code [0x000001d4a991de40, 0x000001d4a991dfb8]
Event: 0.434 Thread 0x000001d4cef0c000  730       3       java.lang.StringBuilder::append (8 bytes)
Event: 0.434 Thread 0x000001d4cef0c000 nmethod 730 0x000001d4a991e090 code [0x000001d4a991e240, 0x000001d4a991e410]

GC Heap History (0 events):
No events

Deoptimization events (20 events):
Event: 0.418 Thread 0x000001d4cf3a3800 Uncommon trap: trap_request=0xffffff45 fr.pc=0x000001d4b0d68fc8 relative=0x0000000000000428
Event: 0.418 Thread 0x000001d4cf3a3800 Uncommon trap: reason=unstable_if action=reinterpret pc=0x000001d4b0d68fc8 method=java.lang.AbstractStringBuilder.isLatin1()Z @ 10 c2
Event: 0.418 Thread 0x000001d4cf3a3800 DEOPT PACKING pc=0x000001d4b0d68fc8 sp=0x000000c4aedff040
Event: 0.418 Thread 0x000001d4cf3a3800 DEOPT UNPACKING pc=0x000001d4a92a912f sp=0x000000c4aedfefc0 mode 2
Event: 0.418 Thread 0x000001d4cf3a3800 Uncommon trap: trap_request=0xffffff45 fr.pc=0x000001d4b0d4b018 relative=0x00000000000004d8
Event: 0.418 Thread 0x000001d4cf3a3800 Uncommon trap: reason=unstable_if action=reinterpret pc=0x000001d4b0d4b018 method=java.lang.AbstractStringBuilder.putStringAt(ILjava/lang/String;)V @ 8 c2
Event: 0.418 Thread 0x000001d4cf3a3800 DEOPT PACKING pc=0x000001d4b0d4b018 sp=0x000000c4aedff020
Event: 0.418 Thread 0x000001d4cf3a3800 DEOPT UNPACKING pc=0x000001d4a92a912f sp=0x000000c4aedfef28 mode 2
Event: 0.418 Thread 0x000001d4cf3a3800 Uncommon trap: trap_request=0xffffff45 fr.pc=0x000001d4b0d4c570 relative=0x00000000000004b0
Event: 0.418 Thread 0x000001d4cf3a3800 Uncommon trap: reason=unstable_if action=reinterpret pc=0x000001d4b0d4c570 method=java.lang.AbstractStringBuilder.putStringAt(ILjava/lang/String;)V @ 8 c2
Event: 0.418 Thread 0x000001d4cf3a3800 DEOPT PACKING pc=0x000001d4b0d4c570 sp=0x000000c4aedfefc0
Event: 0.418 Thread 0x000001d4cf3a3800 DEOPT UNPACKING pc=0x000001d4a92a912f sp=0x000000c4aedfef30 mode 2
Event: 0.418 Thread 0x000001d4cf3a3800 Uncommon trap: trap_request=0xffffff45 fr.pc=0x000001d4b0d49a04 relative=0x00000000000000e4
Event: 0.418 Thread 0x000001d4cf3a3800 Uncommon trap: reason=unstable_if action=reinterpret pc=0x000001d4b0d49a04 method=java.lang.String.getBytes([BIB)V @ 5 c2
Event: 0.418 Thread 0x000001d4cf3a3800 DEOPT PACKING pc=0x000001d4b0d49a04 sp=0x000000c4aedfeee0
Event: 0.418 Thread 0x000001d4cf3a3800 DEOPT UNPACKING pc=0x000001d4a92a912f sp=0x000000c4aedfeea8 mode 2
Event: 0.420 Thread 0x000001d4cf3a3800 Uncommon trap: trap_request=0xffffff45 fr.pc=0x000001d4b0d6eb54 relative=0x0000000000000414
Event: 0.420 Thread 0x000001d4cf3a3800 Uncommon trap: reason=unstable_if action=reinterpret pc=0x000001d4b0d6eb54 method=java.lang.StringLatin1.canEncode(I)Z @ 4 c2
Event: 0.420 Thread 0x000001d4cf3a3800 DEOPT PACKING pc=0x000001d4b0d6eb54 sp=0x000000c4aedff020
Event: 0.420 Thread 0x000001d4cf3a3800 DEOPT UNPACKING pc=0x000001d4a92a912f sp=0x000000c4aedfef48 mode 2

Classes unloaded (0 events):
No events

Classes redefined (0 events):
No events

Internal exceptions (16 events):
Event: 0.115 Thread 0x000001d4cf3a3800 Exception <a 'java/lang/NoSuchMethodError'{0x0000000620c54bc8}: 'void java.lang.invoke.DelegatingMethodHandle$Holder.delegate(java.lang.Object, java.lang.Object, int, java.lang.Object)'> (0x0000000620c54bc8) 
thrown [t:/workspace/open/src/hotspot/share/interpreter/linkResolver.cpp, line 767]
Event: 0.115 Thread 0x000001d4cf3a3800 Exception <a 'java/lang/NoSuchMethodError'{0x0000000620c5b6d0}: 'java.lang.Object java.lang.invoke.DirectMethodHandle$Holder.invokeStaticInit(java.lang.Object, java.lang.Object, java.lang.Object)'> (0x0000000620c5b6d0) 
thrown [t:/workspace/open/src/hotspot/share/interpreter/linkResolver.cpp, line 767]
Event: 0.118 Thread 0x000001d4cf3a3800 Exception <a 'java/lang/NoSuchMethodError'{0x0000000620ca6eb8}: 'int java.lang.invoke.DirectMethodHandle$Holder.invokeSpecialIFC(java.lang.Object, java.lang.Object, int)'> (0x0000000620ca6eb8) 
thrown [t:/workspace/open/src/hotspot/share/interpreter/linkResolver.cpp, line 767]
Event: 0.132 Thread 0x000001d4cf3a3800 Exception <a 'sun/nio/fs/WindowsException'{0x0000000620d350f8}> (0x0000000620d350f8) 
thrown [t:/workspace/open/src/hotspot/share/prims/jni.cpp, line 598]
Event: 0.132 Thread 0x000001d4cf3a3800 Exception <a 'sun/nio/fs/WindowsException'{0x0000000620d35648}> (0x0000000620d35648) 
thrown [t:/workspace/open/src/hotspot/share/prims/jni.cpp, line 598]
Event: 0.150 Thread 0x000001d4cf3a3800 Exception <a 'java/lang/NoSuchMethodError'{0x0000000620df8118}: 'int java.lang.invoke.DirectMethodHandle$Holder.invokeStaticInit(java.lang.Object, java.lang.Object, int, long)'> (0x0000000620df8118) 
thrown [t:/workspace/open/src/hotspot/share/interpreter/linkResolver.cpp, line 767]
Event: 0.151 Thread 0x000001d4cf3a3800 Exception <a 'java/lang/NoSuchMethodError'{0x0000000620dfcbc0}: 'java.lang.Object java.lang.invoke.Invokers$Holder.linkToTargetMethod(java.lang.Object, int, java.lang.Object)'> (0x0000000620dfcbc0) 
thrown [t:/workspace/open/src/hotspot/share/interpreter/linkResolver.cpp, line 767]
Event: 0.152 Thread 0x000001d4cf3a3800 Exception <a 'java/lang/NoSuchMethodError'{0x0000000620a16cd8}: 'int java.lang.invoke.DirectMethodHandle$Holder.invokeStaticInit(java.lang.Object, java.lang.Object, long, long)'> (0x0000000620a16cd8) 
thrown [t:/workspace/open/src/hotspot/share/interpreter/linkResolver.cpp, line 767]
Event: 0.152 Thread 0x000001d4cf3a3800 Exception <a 'java/lang/NoSuchMethodError'{0x0000000620a1c9c8}: 'java.lang.Object java.lang.invoke.Invokers$Holder.linkToTargetMethod(java.lang.Object, long, java.lang.Object)'> (0x0000000620a1c9c8) 
thrown [t:/workspace/open/src/hotspot/share/interpreter/linkResolver.cpp, line 767]
Event: 0.153 Thread 0x000001d4cf3a3800 Exception <a 'java/lang/NoSuchMethodError'{0x0000000620a226c8}: 'int java.lang.invoke.DirectMethodHandle$Holder.invokeStaticInit(java.lang.Object, java.lang.Object, java.lang.Object, long)'> (0x0000000620a226c8) 
thrown [t:/workspace/open/src/hotspot/share/interpreter/linkResolver.cpp, line 767]
Event: 0.166 Thread 0x000001d4cf3a3800 Exception <a 'sun/nio/fs/WindowsException'{0x0000000620bd0a10}> (0x0000000620bd0a10) 
thrown [t:/workspace/open/src/hotspot/share/prims/jni.cpp, line 598]
Event: 0.166 Thread 0x000001d4cf3a3800 Exception <a 'sun/nio/fs/WindowsException'{0x0000000620bd0d70}> (0x0000000620bd0d70) 
thrown [t:/workspace/open/src/hotspot/share/prims/jni.cpp, line 598]
Event: 0.360 Thread 0x000001d4cf3a3800 Exception <a 'sun/nio/fs/WindowsException'{0x000000062093e500}> (0x000000062093e500) 
thrown [t:/workspace/open/src/hotspot/share/prims/jni.cpp, line 598]
Event: 0.360 Thread 0x000001d4cf3a3800 Exception <a 'sun/nio/fs/WindowsException'{0x000000062093e8a0}> (0x000000062093e8a0) 
thrown [t:/workspace/open/src/hotspot/share/prims/jni.cpp, line 598]
Event: 0.367 Thread 0x000001d4cf3a3800 Exception <a 'sun/nio/fs/WindowsException'{0x0000000620966858}> (0x0000000620966858) 
thrown [t:/workspace/open/src/hotspot/share/prims/jni.cpp, line 598]
Event: 0.367 Thread 0x000001d4cf3a3800 Exception <a 'sun/nio/fs/WindowsException'{0x0000000620966b28}> (0x0000000620966b28) 
thrown [t:/workspace/open/src/hotspot/share/prims/jni.cpp, line 598]

Events (20 events):
Event: 0.416 loading class java/util/Scanner
Event: 0.416 loading class java/util/Scanner done
Event: 0.417 loading class java/util/Scanner$PatternLRUCache
Event: 0.417 loading class java/util/Scanner$PatternLRUCache done
Event: 0.419 loading class org/lwjgl/system/APIUtil$Encoder
Event: 0.419 loading class org/lwjgl/system/APIUtil$Encoder done
Event: 0.419 loading class org/lwjgl/system/APIUtil$Encoder
Event: 0.419 loading class org/lwjgl/system/APIUtil$Encoder done
Event: 0.419 loading class org/lwjgl/system/libc/LibCString
Event: 0.419 loading class org/lwjgl/system/libc/LibCString done
Event: 0.423 loading class org/joml/Matrix4f
Event: 0.423 loading class org/joml/Matrix4f done
Event: 0.423 Executing VM operation: RevokeBias
Event: 0.423 Executing VM operation: RevokeBias done
Event: 0.425 loading class org/joml/Matrix4fc
Event: 0.425 loading class org/joml/Matrix4fc done
Event: 0.434 loading class engine/Sprite
Event: 0.434 loading class engine/Sprite done
Event: 0.434 loading class engine/Mesh
Event: 0.434 loading class engine/Mesh done


Dynamic libraries:
0x00007ff786ee0000 - 0x00007ff786eef000 	C:\Program Files\Java\jdk-13.0.2\bin\java.exe
0x00007ffb208d0000 - 0x00007ffb20ac5000 	C:\WINDOWS\SYSTEM32\ntdll.dll
0x00007ffafff00000 - 0x00007ffafff16000 	C:\Program Files\AVAST Software\Avast\aswhook.dll
0x00007ffb203c0000 - 0x00007ffb2047e000 	C:\WINDOWS\System32\KERNEL32.DLL
0x00007ffb1e310000 - 0x00007ffb1e5d8000 	C:\WINDOWS\System32\KERNELBASE.dll
0x00007ffb1e690000 - 0x00007ffb1e790000 	C:\WINDOWS\System32\ucrtbase.dll
0x00007ffb19240000 - 0x00007ffb19255000 	C:\Program Files\Java\jdk-13.0.2\bin\VCRUNTIME140.dll
0x00007ffb19220000 - 0x00007ffb19238000 	C:\Program Files\Java\jdk-13.0.2\bin\jli.dll
0x00007ffb20230000 - 0x00007ffb202dc000 	C:\WINDOWS\System32\ADVAPI32.dll
0x00007ffb1f6d0000 - 0x00007ffb1f76e000 	C:\WINDOWS\System32\msvcrt.dll
0x00007ffb20060000 - 0x00007ffb200fb000 	C:\WINDOWS\System32\sechost.dll
0x00007ffb1f7d0000 - 0x00007ffb1f8fa000 	C:\WINDOWS\System32\RPCRT4.dll
0x00007ffb1fd80000 - 0x00007ffb1ff21000 	C:\WINDOWS\System32\USER32.dll
0x00007ffb1e0d0000 - 0x00007ffb1e0f2000 	C:\WINDOWS\System32\win32u.dll
0x00007ffb01f40000 - 0x00007ffb021da000 	C:\WINDOWS\WinSxS\amd64_microsoft.windows.common-controls_6595b64144ccf1df_6.0.19041.1110_none_60b5254171f9507e\COMCTL32.dll
0x00007ffb20740000 - 0x00007ffb2076b000 	C:\WINDOWS\System32\GDI32.dll
0x00007ffb1e200000 - 0x00007ffb1e30b000 	C:\WINDOWS\System32\gdi32full.dll
0x00007ffb1e100000 - 0x00007ffb1e19d000 	C:\WINDOWS\System32\msvcp_win.dll
0x00007ffb164b0000 - 0x00007ffb164ba000 	C:\WINDOWS\SYSTEM32\VERSION.dll
0x00007ffb20630000 - 0x00007ffb20660000 	C:\WINDOWS\System32\IMM32.DLL
0x00007ffafdeb0000 - 0x00007ffafdf4b000 	C:\Program Files\Java\jdk-13.0.2\bin\msvcp140.dll
0x00007ffadf850000 - 0x00007ffae03ad000 	C:\Program Files\Java\jdk-13.0.2\bin\server\jvm.dll
0x00007ffb20820000 - 0x00007ffb20828000 	C:\WINDOWS\System32\PSAPI.DLL
0x00007ffb0bf40000 - 0x00007ffb0bf49000 	C:\WINDOWS\SYSTEM32\WSOCK32.dll
0x00007ffb13950000 - 0x00007ffb13977000 	C:\WINDOWS\SYSTEM32\WINMM.dll
0x00007ffb202e0000 - 0x00007ffb2034b000 	C:\WINDOWS\System32\WS2_32.dll
0x00007ffb1bf10000 - 0x00007ffb1bf22000 	C:\WINDOWS\SYSTEM32\kernel.appcore.dll
0x00007ffb186c0000 - 0x00007ffb186d0000 	C:\Program Files\Java\jdk-13.0.2\bin\verify.dll
0x00007ffb165a0000 - 0x00007ffb16784000 	C:\WINDOWS\SYSTEM32\DBGHELP.DLL
0x00007ffb11420000 - 0x00007ffb1144c000 	C:\WINDOWS\SYSTEM32\dbgcore.DLL
0x00007ffb1dff0000 - 0x00007ffb1e073000 	C:\WINDOWS\System32\bcryptPrimitives.dll
0x00007ffb178a0000 - 0x00007ffb178c6000 	C:\Program Files\Java\jdk-13.0.2\bin\java.dll
0x00007ffb174f0000 - 0x00007ffb174fe000 	C:\Program Files\Java\jdk-13.0.2\bin\instrument.dll
0x00007ffb17730000 - 0x00007ffb17747000 	C:\Program Files\Java\jdk-13.0.2\bin\zip.dll
0x00007ffb17720000 - 0x00007ffb1772a000 	C:\Program Files\Java\jdk-13.0.2\bin\jimage.dll
0x00007ffb1ebb0000 - 0x00007ffb1f2ef000 	C:\WINDOWS\System32\SHELL32.dll
0x00007ffb1c110000 - 0x00007ffb1c8a0000 	C:\WINDOWS\SYSTEM32\windows.storage.dll
0x00007ffb1f2f0000 - 0x00007ffb1f645000 	C:\WINDOWS\System32\combase.dll
0x00007ffb1da40000 - 0x00007ffb1da6e000 	C:\WINDOWS\SYSTEM32\Wldp.dll
0x00007ffb20160000 - 0x00007ffb2020d000 	C:\WINDOWS\System32\SHCORE.dll
0x00007ffb20100000 - 0x00007ffb20155000 	C:\WINDOWS\System32\shlwapi.dll
0x00007ffb1df30000 - 0x00007ffb1df4f000 	C:\WINDOWS\SYSTEM32\profapi.dll
0x00007ffb17700000 - 0x00007ffb17719000 	C:\Program Files\Java\jdk-13.0.2\bin\net.dll
0x00007ffb101e0000 - 0x00007ffb102ec000 	C:\WINDOWS\SYSTEM32\WINHTTP.dll
0x00007ffb1d730000 - 0x00007ffb1d79a000 	C:\WINDOWS\system32\mswsock.dll
0x00007ffb176e0000 - 0x00007ffb176f3000 	C:\Program Files\Java\jdk-13.0.2\bin\nio.dll
0x00007ffb174d0000 - 0x00007ffb174ea000 	E:\Program Files (x86)\apps\IDEA-U\ch-0\212.5457.46\bin\breakgen64.dll
0x00007ffafdfb0000 - 0x00007ffafe021000 	C:\Users\Yann\AppData\Local\Temp\lwjglYann\3.3.0-build-21\lwjgl.dll
0x00007ffb13da0000 - 0x00007ffb13e01000 	C:\Users\Yann\AppData\Local\Temp\lwjglYann\3.3.0-build-21\glfw.dll
0x00007ffb0e6f0000 - 0x00007ffb0e735000 	C:\WINDOWS\SYSTEM32\dinput8.dll
0x00007ffb174b0000 - 0x00007ffb174c1000 	C:\WINDOWS\SYSTEM32\xinput1_4.dll
0x00007ffb1e080000 - 0x00007ffb1e0ce000 	C:\WINDOWS\System32\cfgmgr32.dll
0x00007ffb1dd90000 - 0x00007ffb1ddc4000 	C:\WINDOWS\SYSTEM32\DEVOBJ.dll
0x00007ffb1bc20000 - 0x00007ffb1bc4f000 	C:\WINDOWS\SYSTEM32\dwmapi.dll
0x00007ffb11580000 - 0x00007ffb116d2000 	C:\WINDOWS\SYSTEM32\inputhost.dll
0x00007ffb1e9b0000 - 0x00007ffb1ea7d000 	C:\WINDOWS\System32\OLEAUT32.dll
0x00007ffb1b530000 - 0x00007ffb1b622000 	C:\WINDOWS\SYSTEM32\CoreMessaging.dll
0x00007ffb1ab00000 - 0x00007ffb1ac54000 	C:\WINDOWS\SYSTEM32\wintypes.dll
0x00007ffb19bb0000 - 0x00007ffb19ca6000 	C:\WINDOWS\SYSTEM32\PROPSYS.dll
0x00007ffb1b1d0000 - 0x00007ffb1b52e000 	C:\WINDOWS\SYSTEM32\CoreUIComponents.dll
0x00007ffb1cce0000 - 0x00007ffb1cd13000 	C:\WINDOWS\SYSTEM32\ntmarta.dll
0x00007ffb1ba10000 - 0x00007ffb1baae000 	C:\WINDOWS\system32\uxtheme.dll
0x00007ffb1ff30000 - 0x00007ffb20045000 	C:\WINDOWS\System32\MSCTF.dll
0x00007ffae3d90000 - 0x00007ffae3eb5000 	C:\WINDOWS\SYSTEM32\opengl32.dll
0x00007ffb0e560000 - 0x00007ffb0e58c000 	C:\WINDOWS\SYSTEM32\GLU32.dll
0x00007ffb20770000 - 0x00007ffb20819000 	C:\WINDOWS\System32\clbcatq.dll
0x00007ffb02f30000 - 0x00007ffb02f5c000 	C:\WINDOWS\System32\DriverStore\FileRepository\u0372545.inf_amd64_56d459236871c3f2\B372333\atig6pxx.dll
0x00007ffad3650000 - 0x00007ffad6493000 	C:\WINDOWS\System32\DriverStore\FileRepository\u0372545.inf_amd64_56d459236871c3f2\B372333\atio6axx.dll
0x00007ffb1f900000 - 0x00007ffb1fd72000 	C:\WINDOWS\System32\SETUPAPI.dll
0x00007ffb1e790000 - 0x00007ffb1e7b7000 	C:\WINDOWS\System32\bcrypt.dll
0x00007ffb0e7a0000 - 0x00007ffb0e7c4000 	C:\WINDOWS\SYSTEM32\dxva2.dll
0x00007ffb1ea80000 - 0x00007ffb1ebaa000 	C:\WINDOWS\System32\ole32.dll
0x00007ffaf59c0000 - 0x00007ffaf59ff000 	C:\WINDOWS\System32\DriverStore\FileRepository\u0372545.inf_amd64_56d459236871c3f2\B372333\atig6txx.dll
0x00007ffad8040000 - 0x00007ffad820c000 	C:\WINDOWS\SYSTEM32\atiadlxx.dll
0x00007ffafe9a0000 - 0x00007ffafe9e9000 	C:\WINDOWS\SYSTEM32\pdh.dll
0x00007ffb1e1a0000 - 0x00007ffb1e200000 	C:\WINDOWS\System32\WINTRUST.dll
0x00007ffb1e7c0000 - 0x00007ffb1e916000 	C:\WINDOWS\System32\CRYPT32.dll
0x00007ffb1dbd0000 - 0x00007ffb1dbe2000 	C:\WINDOWS\SYSTEM32\MSASN1.dll
0x00007ffb14490000 - 0x00007ffb144cb000 	C:\WINDOWS\SYSTEM32\dxcore.dll
0x00007ffb11480000 - 0x00007ffb11579000 	C:\WINDOWS\SYSTEM32\textinputframework.dll
0x00007ffaf61f0000 - 0x00007ffaf624d000 	C:\Users\Yann\AppData\Local\Temp\lwjglYann\3.3.0-build-21\lwjgl_opengl.dll

dbghelp: loaded successfully - version: 4.0.5 - missing functions: none
symbol engine: initialized successfully - sym options: 0x614 - pdb path: .;C:\Program Files\Java\jdk-13.0.2\bin;C:\WINDOWS\SYSTEM32;C:\Program Files\AVAST Software\Avast;C:\WINDOWS\WinSxS\amd64_microsoft.windows.common-controls_6595b64144ccf1df_6.0.19041.1110_none_60b5254171f9507e;C:\Program Files\Java\jdk-13.0.2\bin\server;E:\Program Files (x86)\apps\IDEA-U\ch-0\212.5457.46\bin;C:\Users\Yann\AppData\Local\Temp\lwjglYann\3.3.0-build-21;C:\WINDOWS\System32\DriverStore\FileRepository\u0372545.inf_amd64_56d459236871c3f2\B372333

VM Arguments:
jvm_args: -Dvisualvm.id=115628301846700 -javaagent:E:\Program Files (x86)\apps\IDEA-U\ch-0\212.5457.46\lib\idea_rt.jar=52451:E:\Program Files (x86)\apps\IDEA-U\ch-0\212.5457.46\bin -Dfile.encoding=UTF-8 
java_command: App 2D 1
java_class_path (initial): E:\Yann\CODE\3DGameOfLife\out\production\3DGameOfLife;E:\Yann\CODE\3DGameOfLife\lwjgl-release-3.3.0-custom\joml-1.10.2.jar;E:\Yann\CODE\3DGameOfLife\lwjgl-release-3.3.0-custom\lwjgl-assimp-natives-windows.jar;E:\Yann\CODE\3DGameOfLife\lwjgl-release-3.3.0-custom\lwjgl-assimp.jar;E:\Yann\CODE\3DGameOfLife\lwjgl-release-3.3.0-custom\lwjgl-bgfx-natives-windows.jar;E:\Yann\CODE\3DGameOfLife\lwjgl-release-3.3.0-custom\lwjgl-bgfx.jar;E:\Yann\CODE\3DGameOfLife\lwjgl-release-3.3.0-custom\lwjgl-glfw-natives-windows.jar;E:\Yann\CODE\3DGameOfLife\lwjgl-release-3.3.0-custom\lwjgl-glfw.jar;E:\Yann\CODE\3DGameOfLife\lwjgl-release-3.3.0-custom\lwjgl-nanovg-natives-windows.jar;E:\Yann\CODE\3DGameOfLife\lwjgl-release-3.3.0-custom\lwjgl-nanovg.jar;E:\Yann\CODE\3DGameOfLife\lwjgl-release-3.3.0-custom\lwjgl-natives-windows.jar;E:\Yann\CODE\3DGameOfLife\lwjgl-release-3.3.0-custom\lwjgl-nuklear-natives-windows.jar;E:\Yann\CODE\3DGameOfLife\lwjgl-release-3.3.0-custom\lwjgl-nuklear.jar;E:\Yann\CODE\3DGameOfLife\lwjgl-release-3.3.0-custom\lwjgl-openal-natives-windows.jar;E:\Yann\CODE\3DGameOfLife\lwjgl-release-3.3.0-custom\lwjgl-openal.jar;E:\Yann\CODE\3DGameOfLife\lwjgl-release-3.3.0-custom\lwjgl-opengl-natives-windows.jar;E:\Yann\CODE\3DGameOfLife\lwjgl-release-3.3.0-custom\lwjgl-opengl.jar;E:\Yann\CODE\3DGameOfLife\lwjgl-release-3.3.0-custom\lwjgl-par-natives-windows.jar;E:\Yann\CODE\3DGameOfLife\lwjgl-release-3.3.0-custom\lwjgl-par.jar;E:\Yann\CODE\3DGameOfLife\lwjgl-release-3.3.0-custom\lwjgl-stb-natives-windows.jar;E:\Yann\CODE\3DGameOfLife\lwjgl-release-3.3.0-custom\lwjgl-stb.jar;E:\Yann\CODE\3DGameOfLife\lwjgl-release-3.3.0-custom\lwjgl-vulkan.jar;E:\Yann\CODE\3DGameOfLife\lwjgl-release-3.3.0-custom\lwjgl.jar
Launcher Type: SUN_STANDARD

[Global flags]
     intx CICompilerCount                          = 4                                         {product} {ergonomic}
     uint ConcGCThreads                            = 3                                         {product} {ergonomic}
     uint G1ConcRefinementThreads                  = 10                                        {product} {ergonomic}
   size_t G1HeapRegionSize                         = 2097152                                   {product} {ergonomic}
    uintx GCDrainStackTargetSize                   = 64                                        {product} {ergonomic}
   size_t InitialHeapSize                          = 536870912                                 {product} {ergonomic}
   size_t MarkStackSize                            = 4194304                                   {product} {ergonomic}
   size_t MaxHeapSize                              = 8568963072                                {product} {ergonomic}
   size_t MaxNewSize                               = 5140119552                                {product} {ergonomic}
   size_t MinHeapDeltaBytes                        = 2097152                                   {product} {ergonomic}
   size_t MinHeapSize                              = 8388608                                   {product} {ergonomic}
    uintx NonNMethodCodeHeapSize                   = 5839372                                {pd product} {ergonomic}
    uintx NonProfiledCodeHeapSize                  = 122909434                              {pd product} {ergonomic}
    uintx ProfiledCodeHeapSize                     = 122909434                              {pd product} {ergonomic}
    uintx ReservedCodeCacheSize                    = 251658240                              {pd product} {ergonomic}
     bool SegmentedCodeCache                       = true                                      {product} {ergonomic}
   size_t SoftMaxHeapSize                          = 8568963072                             {manageable} {ergonomic}
     bool UseCompressedClassPointers               = true                                 {lp64_product} {ergonomic}
     bool UseCompressedOops                        = true                                 {lp64_product} {ergonomic}
     bool UseG1GC                                  = true                                      {product} {ergonomic}
     bool UseLargePagesIndividualAllocation        = false                                  {pd product} {ergonomic}

Logging:
Log output configuration:
 #0: stdout all=warning uptime,level,tags
 #1: stderr all=off uptime,level,tags

Environment Variables:
PATH=C:\Program Files (x86)\Razer Chroma SDK\bin;C:\Program Files\Razer Chroma SDK\bin;C:\Program Files (x86)\Common Files\Oracle\Java\javapath;E:\Program Files (x86)\ARM\ADSv1_2\bin;C:\Windows\system32;C:\Windows;C:\Windows\System32\Wbem;C:\Windows\System32\WindowsPowerShell\v1.0\;C:\Windows\System32\OpenSSH\;E:\Program Files\Microsoft VS Code\bin;E:\Python\3.7\Scripts\;E:\Python\3.7\;C:\Users\Yann\AppData\Local\Microsoft\WindowsApps;C:\Users\Yann\AppData\Local\hyper\app-3.0.2\resources\bin;C:\Program Files\Microsoft SQL network.Server\130\Tools\Binn\;C:\Program Files\Git\cmd;C:\Program Files\Java\jdk-13.0.2\bin;C:\Users\Yann\AppData\Local\GitHubDesktop\bin;C:\WINDOWS\system32;C:\WINDOWS;C:\WINDOWS\System32\Wbem;C:\WINDOWS\System32\WindowsPowerShell\v1.0\;C:\WINDOWS\System32\OpenSSH\;C:\Users\Yann\.dotnet\tools;C:\Program Files\dotnet\;C:\Program Files\nodejs\;C:\Users\Yann\AppData\Local\Programs\Python\Python310\Scripts\;C:\Users\Yann\AppData\Local\Programs\Python\Python310\;C:\Users\Yann\.cargo\bin;E:\Python\3.7\Scripts\;E:\Python\3.7\;C:\Users\Yann\AppData\Local\Microsoft\WindowsApps;E:\Program Files\Microsoft VS Code\bin;C:\Users\Yann\AppData\Local\hyper\app-3.0.2\resources\bin;C:\Program Files\Java\jdk-13.0.2\bin;C:\Users\Yann\AppData\Local\Microsoft\WindowsApps;C:\Users\Yann\AppData\Local\GitHubDesktop\bin;C:\Users\Yann\.dotnet\tools;C:\Users\Yann\AppData\Roaming\npm;C:\Program Files\heroku\bin
USERNAME=Yann
OS=Windows_NT
PROCESSOR_IDENTIFIER=AMD64 Family 23 Model 113 Stepping 0, AuthenticAMD



---------------  S Y S T E M  ---------------

OS: Windows 10 , 64 bit Build 19041 (10.0.19041.1348)

CPU:total 12 (initial active 12) (12 cores per cpu, 2 threads per core) family 23 model 113 stepping 0, cmov, cx8, fxsr, mmx, sse, sse2, sse3, ssse3, sse4.1, sse4.2, popcnt, avx, avx2, aes, clmul, mmxext, 3dnowpref, lzcnt, sse4a, ht, tsc, tscinvbit, tscinv, bmi1, bmi2, adx, sha, fma

Memory: 4k page, system-wide physical 32683M (25472M free)
TotalPageFile size 37547M (AvailPageFile size 27154M)
current process WorkingSet (physical memory assigned to process): 96M, peak: 98M
current process commit charge ("private bytes"): 709M, peak: 711M

vm_info: Java HotSpot(TM) 64-Bit network.Server VM (13.0.2+8) for windows-amd64 JRE (13.0.2+8), built on Dec 11 2019 09:20:33 by "mach5one" with unknown MS VC++:1916

END.
