#
# A fatal error has been detected by the Java Runtime Environment:
#
#  EXCEPTION_ACCESS_VIOLATION (0xc0000005) at pc=0x00007ffdd34cf5eb, pid=15168, tid=16168
#
# JRE version: Java(TM) SE Runtime Environment (17.0.1+12) (build 17.0.1+12-LTS-39)
# Java VM: Java HotSpot(TM) 64-Bit Server VM (17.0.1+12-LTS-39, mixed mode, sharing, tiered, compressed oops, compressed class ptrs, g1 gc, windows-amd64)
# Problematic frame:
# C  [lwjgl_nuklear.dll+0xf5eb]
#
# No core dump will be written. Minidumps are not enabled by default on client versions of Windows
#
# If you would like to submit a bug report, please visit:
#   https://bugreport.java.com/bugreport/crash.jsp
# The crash happened outside the Java Virtual Machine in native code.
# See problematic frame for where to report the bug.
#

---------------  S U M M A R Y ------------

Command Line: -Dvisualvm.id=17338941925800 -javaagent:E:\Program Files (x86)\apps\IDEA-U\ch-0\212.5457.46\lib\idea_rt.jar=56061:E:\Program Files (x86)\apps\IDEA-U\ch-0\212.5457.46\bin -Dfile.encoding=UTF-8 network.Server

Host: AMD Ryzen 5 3600 6-Core Processor              , 12 cores, 31G,  Windows 10 , 64 bit Build 19041 (10.0.19041.1348)
Time: Tue Dec  7 23:21:27 2021 Paris, Madrid elapsed time: 0.603645 seconds (0d 0h 0m 0s)

---------------  T H R E A D  ---------------

Current thread (0x0000014242148320):  JavaThread "Thread-0" [_thread_in_native, id=16168, stack(0x00000016ab800000,0x00000016ab900000)]

Stack: [0x00000016ab800000,0x00000016ab900000],  sp=0x00000016ab8fed10,  free space=1019k
Native frames: (J=compiled Java code, j=interpreted, Vv=VM code, C=native code)
C  [lwjgl_nuklear.dll+0xf5eb]

Java frames: (J=compiled Java code, j=interpreted, Vv=VM code)
j  org.lwjgl.nuklear.Nuklear.nnk_begin(JJJI)Z+0
j  org.lwjgl.nuklear.Nuklear.nk_begin(Lorg/lwjgl/nuklear/NkContext;Ljava/lang/CharSequence;Lorg/lwjgl/nuklear/NkRect;I)Z+38
j  engine.UI.UI.layout(II)V+34
j  engine.UI.UI.render(III)V+5
j  engine.GL.Renderer.run()V+313
v  ~StubRoutines::call_stub

siginfo: EXCEPTION_ACCESS_VIOLATION (0xc0000005), reading address 0x0000000000000008


Register to memory mapping:

RIP=0x00007ffdd34cf5eb lwjgl_nuklear.dll
RAX=0x0 is NULL
RBX=0x0 is NULL
RCX=0x00000000ffffffff is an unknown value
RDX=0x000001424ed84090 points into unknown readable memory: 0x842dadf000000001 | 01 00 00 00 f0 ad 2d 84
RSP=0x00000016ab8fed10 is pointing into the stack for thread: 0x0000014242148320
RBP=0x00000016ab8fed80 is pointing into the stack for thread: 0x0000014242148320
RSI=0x0000014247074030 points into unknown readable memory: 0x0000000000000000 | 00 00 00 00 00 00 00 00
RDI=0x000001424ed84090 points into unknown readable memory: 0x842dadf000000001 | 01 00 00 00 f0 ad 2d 84
R8 =0x0000000000000004 is an unknown value
R9 =0x00007ffdd34f393a lwjgl_nuklear.dll
R10=0x00007ffdd34c0000 lwjgl_nuklear.dll
R11=0x0000000000000057 is an unknown value
R12=0x00000000842dadf0 is an unknown value
R13=0x00000016ab8fede0 is pointing into the stack for thread: 0x0000014242148320
R14=0x000001424217396b points into unknown readable memory: 44 65 6d 6f 00
R15=0x000001424217396b points into unknown readable memory: 44 65 6d 6f 00


Registers:
RAX=0x0000000000000000, RBX=0x0000000000000000, RCX=0x00000000ffffffff, RDX=0x000001424ed84090
RSP=0x00000016ab8fed10, RBP=0x00000016ab8fed80, RSI=0x0000014247074030, RDI=0x000001424ed84090
R8 =0x0000000000000004, R9 =0x00007ffdd34f393a, R10=0x00007ffdd34c0000, R11=0x0000000000000057
R12=0x00000000842dadf0, R13=0x00000016ab8fede0, R14=0x000001424217396b, R15=0x000001424217396b
RIP=0x00007ffdd34cf5eb, EFLAGS=0x0000000000010256

Top of Stack: (sp=0x00000016ab8fed10)
0x00000016ab8fed10:   0000000000000004 0000014247074030
0x00000016ab8fed20:   0000000000000511 0000014242148320
0x00000016ab8fed30:   0000000200000007 00007ffd00000004
0x00000016ab8fed40:   000001424115a620 0000003800000003
0x00000016ab8fed50:   0000000000000000 0000000000000000
0x00000016ab8fed60:   0000000000000000 0000000000000000
0x00000016ab8fed70:   0000000000000000 0000000000000000
0x00000016ab8fed80:   0000014242148320 00000016ab8feef0
0x00000016ab8fed90:   0000014241ef7dc8 0000000000000000
0x00000016ab8feda0:   00000016ab8feea0 00007ffdd34e4e5f
0x00000016ab8fedb0:   0000014241ef7dc8 000001424217396b
0x00000016ab8fedc0:   000001424217396b 0000000000000511
0x00000016ab8fedd0:   0000014200000057 0000014241ef7dc8
0x00000016ab8fede0:   4248000042480000 437a000043660000
0x00000016ab8fedf0:   00000016ab8feef0 000001421bf0d621
0x00000016ab8fee00:   0000014242148320 0000014241c2e588 

Instructions: (pc=0x00007ffdd34cf5eb)
0x00007ffdd34cf4eb:   00 00 75 07 48 89 be a8 45 00 00 4c 8b 7d 40 eb
0x00007ffdd34cf4fb:   44 8b 48 48 81 e1 00 f8 ff ff 0b 4d 50 89 48 48
0x00007ffdd34cf50b:   f6 c1 06 75 09 41 0f 28 45 00 0f 11 40 4c 8b 86
0x00007ffdd34cf51b:   c4 45 00 00 33 db 89 07 48 39 9e a8 45 00 00 75
0x00007ffdd34cf52b:   17 0f ba e1 0d 72 17 48 89 be a8 45 00 00 48 89
0x00007ffdd34cf53b:   be a0 45 00 00 8b 4f 48 0f ba e1 0d 73 2e 48 89
0x00007ffdd34cf54b:   be b0 45 00 00 48 89 9f a8 00 00 00 32 c0 4c 8d
0x00007ffdd34cf55b:   5c 24 70 49 8b 5b 30 49 8b 73 38 49 8b 7b 48 49
0x00007ffdd34cf56b:   8b e3 41 5f 41 5e 41 5d 41 5c 5d c3 48 8d 57 68
0x00007ffdd34cf57b:   44 8b d9 48 85 d2 74 25 48 8b 86 80 23 00 00 0f
0x00007ffdd34cf58b:   10 05 a7 96 03 00 48 89 42 28 48 89 42 30 0f 11
0x00007ffdd34cf59b:   42 08 48 89 42 38 44 8b 5f 48 41 8b cb f7 c1 00
0x00007ffdd34cf5ab:   24 00 00 0f 85 e4 05 00 00 48 8b 86 68 01 00 00
0x00007ffdd34cf5bb:   48 8b d7 f3 0f 10 86 30 22 00 00 0f 29 74 24 60
0x00007ffdd34cf5cb:   f3 0f 58 c0 0f 29 7c 24 50 f3 0f 10 be 28 22 00
0x00007ffdd34cf5db:   00 f3 0f 58 ff c1 e9 0f f7 d1 44 0f 29 44 24 40
0x00007ffdd34cf5eb:   f3 0f 58 78 08 f3 0f 58 f8 f6 c1 01 74 06 48 8d
0x00007ffdd34cf5fb:   47 4c eb 27 f3 0f 10 47 4c 48 8d 45 b0 f3 0f 10
0x00007ffdd34cf60b:   4f 50 f3 0f 11 45 b0 f3 0f 10 47 54 f3 0f 11 45
0x00007ffdd34cf61b:   b8 f3 0f 11 4d b4 f3 0f 11 7d bc 0f 10 28 f3 0f
0x00007ffdd34cf62b:   10 8e 0c 01 00 00 0f 2f cd 0f 11 6d c0 f3 0f 10
0x00007ffdd34cf63b:   65 c4 0f 28 f5 f3 44 0f 10 45 c8 0f c6 f6 ff 72
0x00007ffdd34cf64b:   3e 41 0f 28 c0 f3 0f 58 c5 0f 2f c1 76 31 f3 0f
0x00007ffdd34cf65b:   10 8e 10 01 00 00 0f 2f cc 72 24 0f 28 c6 f3 0f
0x00007ffdd34cf66b:   58 c4 0f 2f c1 76 18 80 be 04 01 00 00 01 75 0f
0x00007ffdd34cf67b:   83 be 08 01 00 00 00 41 ba 01 00 00 00 75 03 44
0x00007ffdd34cf68b:   8b d3 f3 0f 10 8e 44 01 00 00 0f 2f cd 72 2a 41
0x00007ffdd34cf69b:   0f 28 c0 f3 0f 58 c5 0f 2f c1 76 1d f3 0f 10 8e
0x00007ffdd34cf6ab:   48 01 00 00 0f 2f cc 72 10 0f 28 c6 f3 0f 58 c4
0x00007ffdd34cf6bb:   0f 2f c1 76 04 b0 01 eb 02 32 c0 48 3b be a8 45
0x00007ffdd34cf6cb:   00 00 0f 84 78 01 00 00 84 c0 0f 84 70 01 00 00
0x00007ffdd34cf6db:   80 be 04 01 00 00 00 0f 85 63 01 00 00 48 8b 97 


Stack slot to memory mapping:
stack at sp + 0 slots: 0x0000000000000004 is an unknown value
stack at sp + 1 slots: 0x0000014247074030 points into unknown readable memory: 0x0000000000000000 | 00 00 00 00 00 00 00 00
stack at sp + 2 slots: 0x0000000000000511 is an unknown value
stack at sp + 3 slots: 0x0000014242148320 is a thread
stack at sp + 4 slots: 0x0000000200000007 is an unknown value
stack at sp + 5 slots: 0x00007ffd00000004 is an unknown value
stack at sp + 6 slots: 0x000001424115a620 points into unknown readable memory: 0x00007ffd6d513ea0 | a0 3e 51 6d fd 7f 00 00
stack at sp + 7 slots: 0x0000003800000003 is an unknown value


---------------  P R O C E S S  ---------------

Threads class SMR info:
_java_thread_list=0x00000142412bf0e0, length=17, elements={
0x00000142146fd920, 0x0000014241071b20, 0x0000014241072990, 0x0000014241082560,
0x0000014241083110, 0x0000014241085ad0, 0x0000014241086890, 0x0000014241087620,
0x00000142410955e0, 0x00000142410bebc0, 0x000001424118a560, 0x00000142413a65e0,
0x00000142413a6ab0, 0x00000142420cc600, 0x00000142420d3fa0, 0x00000142420d8900,
0x0000014242148320
}

Java Threads: ( => current thread )
  0x00000142146fd920 JavaThread "main" [_thread_in_native, id=11860, stack(0x00000016aa000000,0x00000016aa100000)]
  0x0000014241071b20 JavaThread "Reference Handler" daemon [_thread_blocked, id=15228, stack(0x00000016aa700000,0x00000016aa800000)]
  0x0000014241072990 JavaThread "Finalizer" daemon [_thread_blocked, id=13128, stack(0x00000016aa800000,0x00000016aa900000)]
  0x0000014241082560 JavaThread "Signal Dispatcher" daemon [_thread_blocked, id=6324, stack(0x00000016aa900000,0x00000016aaa00000)]
  0x0000014241083110 JavaThread "Attach Listener" daemon [_thread_blocked, id=8180, stack(0x00000016aaa00000,0x00000016aab00000)]
  0x0000014241085ad0 JavaThread "Service Thread" daemon [_thread_blocked, id=16052, stack(0x00000016aab00000,0x00000016aac00000)]
  0x0000014241086890 JavaThread "Monitor Deflation Thread" daemon [_thread_blocked, id=10244, stack(0x00000016aac00000,0x00000016aad00000)]
  0x0000014241087620 JavaThread "C2 CompilerThread0" daemon [_thread_blocked, id=15076, stack(0x00000016aad00000,0x00000016aae00000)]
  0x00000142410955e0 JavaThread "C1 CompilerThread0" daemon [_thread_blocked, id=15132, stack(0x00000016aae00000,0x00000016aaf00000)]
  0x00000142410bebc0 JavaThread "Sweeper thread" daemon [_thread_blocked, id=8540, stack(0x00000016aaf00000,0x00000016ab000000)]
  0x000001424118a560 JavaThread "Common-Cleaner" daemon [_thread_blocked, id=10720, stack(0x00000016ab000000,0x00000016ab100000)]
  0x00000142413a65e0 JavaThread "Monitor Ctrl-Break" daemon [_thread_in_native, id=8288, stack(0x00000016ab200000,0x00000016ab300000)]
  0x00000142413a6ab0 JavaThread "Notification Thread" daemon [_thread_blocked, id=9556, stack(0x00000016ab300000,0x00000016ab400000)]
  0x00000142420cc600 JavaThread "RMI TCP Accept-0" daemon [_thread_in_native, id=7952, stack(0x00000016ab500000,0x00000016ab600000)]
  0x00000142420d3fa0 JavaThread "RMI Reaper" [_thread_blocked, id=15924, stack(0x00000016ab600000,0x00000016ab700000)]
  0x00000142420d8900 JavaThread "RMI GC Daemon" daemon [_thread_blocked, id=11460, stack(0x00000016ab700000,0x00000016ab800000)]
=>0x0000014242148320 JavaThread "Thread-0" [_thread_in_native, id=16168, stack(0x00000016ab800000,0x00000016ab900000)]

Other Threads:
  0x0000014241068f00 VMThread "VM Thread" [stack: 0x00000016aa600000,0x00000016aa700000] [id=10164]
  0x000001421478cea0 WatcherThread [stack: 0x00000016ab400000,0x00000016ab500000] [id=6044]
  0x0000014214773ed0 GCTaskThread "GC Thread#0" [stack: 0x00000016aa100000,0x00000016aa200000] [id=8756]
  0x0000014214784e30 ConcurrentGCThread "G1 Main Marker" [stack: 0x00000016aa200000,0x00000016aa300000] [id=2492]
  0x0000014214785fe0 ConcurrentGCThread "G1 Conc#0" [stack: 0x00000016aa300000,0x00000016aa400000] [id=16220]
  0x0000014240ae5f70 ConcurrentGCThread "G1 Refine#0" [stack: 0x00000016aa400000,0x00000016aa500000] [id=11464]
  0x0000014240ae6990 ConcurrentGCThread "G1 Service" [stack: 0x00000016aa500000,0x00000016aa600000] [id=16156]

Threads with active compile tasks:

VM state: not at safepoint (normal execution)

VM Mutex/Monitor currently owned by a thread: None

Heap address: 0x0000000601400000, size: 8172 MB, Compressed Oops mode: Zero based, Oop shift amount: 3

CDS archive(s) mapped at: [0x0000000800000000-0x0000000800bc0000-0x0000000800bc0000), size 12320768, SharedBaseAddress: 0x0000000800000000, ArchiveRelocationMode: 0.
Compressed class space mapped at: 0x0000000800c00000-0x0000000840c00000, reserved size: 1073741824
Narrow klass base: 0x0000000800000000, Narrow klass shift: 0, Narrow klass range: 0x100000000

GC Precious Log:
 CPUs: 12 total, 12 available
 Memory: 32683M
 Large Page Support: Disabled
 NUMA Support: Disabled
 Compressed Oops: Enabled (Zero based)
 Heap Region Size: 4M
 Heap Min Capacity: 8M
 Heap Initial Capacity: 512M
 Heap Max Capacity: 8172M
 Pre-touch: Disabled
 Parallel Workers: 10
 Concurrent Workers: 3
 Concurrent Refinement Workers: 10
 Periodic GC: Disabled

Heap:
 garbage-first heap   total 524288K, used 12288K [0x0000000601400000, 0x0000000800000000)
  region size 4096K, 5 young (20480K), 0 survivors (0K)
 Metaspace       used 9014K, committed 9216K, reserved 1064960K
  class space    used 558K, committed 640K, reserved 1048576K

Heap Regions: E=young(eden), S=young(survivor), O=old, HS=humongous(starts), HC=humongous(continues), CS=collection set, F=free, OA=open archive, CA=closed archive, TAMS=top-at-mark-start (previous, next)
|   0|0x0000000601400000, 0x0000000601400000, 0x0000000601800000|  0%| F|  |TAMS 0x0000000601400000, 0x0000000601400000| Untracked 
|   1|0x0000000601800000, 0x0000000601800000, 0x0000000601c00000|  0%| F|  |TAMS 0x0000000601800000, 0x0000000601800000| Untracked 
|   2|0x0000000601c00000, 0x0000000601c00000, 0x0000000602000000|  0%| F|  |TAMS 0x0000000601c00000, 0x0000000601c00000| Untracked 
|   3|0x0000000602000000, 0x0000000602000000, 0x0000000602400000|  0%| F|  |TAMS 0x0000000602000000, 0x0000000602000000| Untracked 
|   4|0x0000000602400000, 0x0000000602400000, 0x0000000602800000|  0%| F|  |TAMS 0x0000000602400000, 0x0000000602400000| Untracked 
|   5|0x0000000602800000, 0x0000000602800000, 0x0000000602c00000|  0%| F|  |TAMS 0x0000000602800000, 0x0000000602800000| Untracked 
|   6|0x0000000602c00000, 0x0000000602c00000, 0x0000000603000000|  0%| F|  |TAMS 0x0000000602c00000, 0x0000000602c00000| Untracked 
|   7|0x0000000603000000, 0x0000000603000000, 0x0000000603400000|  0%| F|  |TAMS 0x0000000603000000, 0x0000000603000000| Untracked 
|   8|0x0000000603400000, 0x0000000603400000, 0x0000000603800000|  0%| F|  |TAMS 0x0000000603400000, 0x0000000603400000| Untracked 
|   9|0x0000000603800000, 0x0000000603800000, 0x0000000603c00000|  0%| F|  |TAMS 0x0000000603800000, 0x0000000603800000| Untracked 
|  10|0x0000000603c00000, 0x0000000603c00000, 0x0000000604000000|  0%| F|  |TAMS 0x0000000603c00000, 0x0000000603c00000| Untracked 
|  11|0x0000000604000000, 0x0000000604000000, 0x0000000604400000|  0%| F|  |TAMS 0x0000000604000000, 0x0000000604000000| Untracked 
|  12|0x0000000604400000, 0x0000000604400000, 0x0000000604800000|  0%| F|  |TAMS 0x0000000604400000, 0x0000000604400000| Untracked 
|  13|0x0000000604800000, 0x0000000604800000, 0x0000000604c00000|  0%| F|  |TAMS 0x0000000604800000, 0x0000000604800000| Untracked 
|  14|0x0000000604c00000, 0x0000000604c00000, 0x0000000605000000|  0%| F|  |TAMS 0x0000000604c00000, 0x0000000604c00000| Untracked 
|  15|0x0000000605000000, 0x0000000605000000, 0x0000000605400000|  0%| F|  |TAMS 0x0000000605000000, 0x0000000605000000| Untracked 
|  16|0x0000000605400000, 0x0000000605400000, 0x0000000605800000|  0%| F|  |TAMS 0x0000000605400000, 0x0000000605400000| Untracked 
|  17|0x0000000605800000, 0x0000000605800000, 0x0000000605c00000|  0%| F|  |TAMS 0x0000000605800000, 0x0000000605800000| Untracked 
|  18|0x0000000605c00000, 0x0000000605c00000, 0x0000000606000000|  0%| F|  |TAMS 0x0000000605c00000, 0x0000000605c00000| Untracked 
|  19|0x0000000606000000, 0x0000000606000000, 0x0000000606400000|  0%| F|  |TAMS 0x0000000606000000, 0x0000000606000000| Untracked 
|  20|0x0000000606400000, 0x0000000606400000, 0x0000000606800000|  0%| F|  |TAMS 0x0000000606400000, 0x0000000606400000| Untracked 
|  21|0x0000000606800000, 0x0000000606800000, 0x0000000606c00000|  0%| F|  |TAMS 0x0000000606800000, 0x0000000606800000| Untracked 
|  22|0x0000000606c00000, 0x0000000606c00000, 0x0000000607000000|  0%| F|  |TAMS 0x0000000606c00000, 0x0000000606c00000| Untracked 
|  23|0x0000000607000000, 0x0000000607000000, 0x0000000607400000|  0%| F|  |TAMS 0x0000000607000000, 0x0000000607000000| Untracked 
|  24|0x0000000607400000, 0x0000000607400000, 0x0000000607800000|  0%| F|  |TAMS 0x0000000607400000, 0x0000000607400000| Untracked 
|  25|0x0000000607800000, 0x0000000607800000, 0x0000000607c00000|  0%| F|  |TAMS 0x0000000607800000, 0x0000000607800000| Untracked 
|  26|0x0000000607c00000, 0x0000000607c00000, 0x0000000608000000|  0%| F|  |TAMS 0x0000000607c00000, 0x0000000607c00000| Untracked 
|  27|0x0000000608000000, 0x0000000608000000, 0x0000000608400000|  0%| F|  |TAMS 0x0000000608000000, 0x0000000608000000| Untracked 
|  28|0x0000000608400000, 0x0000000608400000, 0x0000000608800000|  0%| F|  |TAMS 0x0000000608400000, 0x0000000608400000| Untracked 
|  29|0x0000000608800000, 0x0000000608800000, 0x0000000608c00000|  0%| F|  |TAMS 0x0000000608800000, 0x0000000608800000| Untracked 
|  30|0x0000000608c00000, 0x0000000608c00000, 0x0000000609000000|  0%| F|  |TAMS 0x0000000608c00000, 0x0000000608c00000| Untracked 
|  31|0x0000000609000000, 0x0000000609000000, 0x0000000609400000|  0%| F|  |TAMS 0x0000000609000000, 0x0000000609000000| Untracked 
|  32|0x0000000609400000, 0x0000000609400000, 0x0000000609800000|  0%| F|  |TAMS 0x0000000609400000, 0x0000000609400000| Untracked 
|  33|0x0000000609800000, 0x0000000609800000, 0x0000000609c00000|  0%| F|  |TAMS 0x0000000609800000, 0x0000000609800000| Untracked 
|  34|0x0000000609c00000, 0x0000000609c00000, 0x000000060a000000|  0%| F|  |TAMS 0x0000000609c00000, 0x0000000609c00000| Untracked 
|  35|0x000000060a000000, 0x000000060a000000, 0x000000060a400000|  0%| F|  |TAMS 0x000000060a000000, 0x000000060a000000| Untracked 
|  36|0x000000060a400000, 0x000000060a400000, 0x000000060a800000|  0%| F|  |TAMS 0x000000060a400000, 0x000000060a400000| Untracked 
|  37|0x000000060a800000, 0x000000060a800000, 0x000000060ac00000|  0%| F|  |TAMS 0x000000060a800000, 0x000000060a800000| Untracked 
|  38|0x000000060ac00000, 0x000000060ac00000, 0x000000060b000000|  0%| F|  |TAMS 0x000000060ac00000, 0x000000060ac00000| Untracked 
|  39|0x000000060b000000, 0x000000060b000000, 0x000000060b400000|  0%| F|  |TAMS 0x000000060b000000, 0x000000060b000000| Untracked 
|  40|0x000000060b400000, 0x000000060b400000, 0x000000060b800000|  0%| F|  |TAMS 0x000000060b400000, 0x000000060b400000| Untracked 
|  41|0x000000060b800000, 0x000000060b800000, 0x000000060bc00000|  0%| F|  |TAMS 0x000000060b800000, 0x000000060b800000| Untracked 
|  42|0x000000060bc00000, 0x000000060bc00000, 0x000000060c000000|  0%| F|  |TAMS 0x000000060bc00000, 0x000000060bc00000| Untracked 
|  43|0x000000060c000000, 0x000000060c000000, 0x000000060c400000|  0%| F|  |TAMS 0x000000060c000000, 0x000000060c000000| Untracked 
|  44|0x000000060c400000, 0x000000060c400000, 0x000000060c800000|  0%| F|  |TAMS 0x000000060c400000, 0x000000060c400000| Untracked 
|  45|0x000000060c800000, 0x000000060c800000, 0x000000060cc00000|  0%| F|  |TAMS 0x000000060c800000, 0x000000060c800000| Untracked 
|  46|0x000000060cc00000, 0x000000060cc00000, 0x000000060d000000|  0%| F|  |TAMS 0x000000060cc00000, 0x000000060cc00000| Untracked 
|  47|0x000000060d000000, 0x000000060d000000, 0x000000060d400000|  0%| F|  |TAMS 0x000000060d000000, 0x000000060d000000| Untracked 
|  48|0x000000060d400000, 0x000000060d400000, 0x000000060d800000|  0%| F|  |TAMS 0x000000060d400000, 0x000000060d400000| Untracked 
|  49|0x000000060d800000, 0x000000060d800000, 0x000000060dc00000|  0%| F|  |TAMS 0x000000060d800000, 0x000000060d800000| Untracked 
|  50|0x000000060dc00000, 0x000000060dc00000, 0x000000060e000000|  0%| F|  |TAMS 0x000000060dc00000, 0x000000060dc00000| Untracked 
|  51|0x000000060e000000, 0x000000060e000000, 0x000000060e400000|  0%| F|  |TAMS 0x000000060e000000, 0x000000060e000000| Untracked 
|  52|0x000000060e400000, 0x000000060e400000, 0x000000060e800000|  0%| F|  |TAMS 0x000000060e400000, 0x000000060e400000| Untracked 
|  53|0x000000060e800000, 0x000000060e800000, 0x000000060ec00000|  0%| F|  |TAMS 0x000000060e800000, 0x000000060e800000| Untracked 
|  54|0x000000060ec00000, 0x000000060ec00000, 0x000000060f000000|  0%| F|  |TAMS 0x000000060ec00000, 0x000000060ec00000| Untracked 
|  55|0x000000060f000000, 0x000000060f000000, 0x000000060f400000|  0%| F|  |TAMS 0x000000060f000000, 0x000000060f000000| Untracked 
|  56|0x000000060f400000, 0x000000060f400000, 0x000000060f800000|  0%| F|  |TAMS 0x000000060f400000, 0x000000060f400000| Untracked 
|  57|0x000000060f800000, 0x000000060f800000, 0x000000060fc00000|  0%| F|  |TAMS 0x000000060f800000, 0x000000060f800000| Untracked 
|  58|0x000000060fc00000, 0x000000060fc00000, 0x0000000610000000|  0%| F|  |TAMS 0x000000060fc00000, 0x000000060fc00000| Untracked 
|  59|0x0000000610000000, 0x0000000610000000, 0x0000000610400000|  0%| F|  |TAMS 0x0000000610000000, 0x0000000610000000| Untracked 
|  60|0x0000000610400000, 0x0000000610400000, 0x0000000610800000|  0%| F|  |TAMS 0x0000000610400000, 0x0000000610400000| Untracked 
|  61|0x0000000610800000, 0x0000000610800000, 0x0000000610c00000|  0%| F|  |TAMS 0x0000000610800000, 0x0000000610800000| Untracked 
|  62|0x0000000610c00000, 0x0000000610c00000, 0x0000000611000000|  0%| F|  |TAMS 0x0000000610c00000, 0x0000000610c00000| Untracked 
|  63|0x0000000611000000, 0x0000000611000000, 0x0000000611400000|  0%| F|  |TAMS 0x0000000611000000, 0x0000000611000000| Untracked 
|  64|0x0000000611400000, 0x0000000611400000, 0x0000000611800000|  0%| F|  |TAMS 0x0000000611400000, 0x0000000611400000| Untracked 
|  65|0x0000000611800000, 0x0000000611800000, 0x0000000611c00000|  0%| F|  |TAMS 0x0000000611800000, 0x0000000611800000| Untracked 
|  66|0x0000000611c00000, 0x0000000611c00000, 0x0000000612000000|  0%| F|  |TAMS 0x0000000611c00000, 0x0000000611c00000| Untracked 
|  67|0x0000000612000000, 0x0000000612000000, 0x0000000612400000|  0%| F|  |TAMS 0x0000000612000000, 0x0000000612000000| Untracked 
|  68|0x0000000612400000, 0x0000000612400000, 0x0000000612800000|  0%| F|  |TAMS 0x0000000612400000, 0x0000000612400000| Untracked 
|  69|0x0000000612800000, 0x0000000612800000, 0x0000000612c00000|  0%| F|  |TAMS 0x0000000612800000, 0x0000000612800000| Untracked 
|  70|0x0000000612c00000, 0x0000000612c00000, 0x0000000613000000|  0%| F|  |TAMS 0x0000000612c00000, 0x0000000612c00000| Untracked 
|  71|0x0000000613000000, 0x0000000613000000, 0x0000000613400000|  0%| F|  |TAMS 0x0000000613000000, 0x0000000613000000| Untracked 
|  72|0x0000000613400000, 0x0000000613400000, 0x0000000613800000|  0%| F|  |TAMS 0x0000000613400000, 0x0000000613400000| Untracked 
|  73|0x0000000613800000, 0x0000000613800000, 0x0000000613c00000|  0%| F|  |TAMS 0x0000000613800000, 0x0000000613800000| Untracked 
|  74|0x0000000613c00000, 0x0000000613c00000, 0x0000000614000000|  0%| F|  |TAMS 0x0000000613c00000, 0x0000000613c00000| Untracked 
|  75|0x0000000614000000, 0x0000000614000000, 0x0000000614400000|  0%| F|  |TAMS 0x0000000614000000, 0x0000000614000000| Untracked 
|  76|0x0000000614400000, 0x0000000614400000, 0x0000000614800000|  0%| F|  |TAMS 0x0000000614400000, 0x0000000614400000| Untracked 
|  77|0x0000000614800000, 0x0000000614800000, 0x0000000614c00000|  0%| F|  |TAMS 0x0000000614800000, 0x0000000614800000| Untracked 
|  78|0x0000000614c00000, 0x0000000614c00000, 0x0000000615000000|  0%| F|  |TAMS 0x0000000614c00000, 0x0000000614c00000| Untracked 
|  79|0x0000000615000000, 0x0000000615000000, 0x0000000615400000|  0%| F|  |TAMS 0x0000000615000000, 0x0000000615000000| Untracked 
|  80|0x0000000615400000, 0x0000000615400000, 0x0000000615800000|  0%| F|  |TAMS 0x0000000615400000, 0x0000000615400000| Untracked 
|  81|0x0000000615800000, 0x0000000615800000, 0x0000000615c00000|  0%| F|  |TAMS 0x0000000615800000, 0x0000000615800000| Untracked 
|  82|0x0000000615c00000, 0x0000000615c00000, 0x0000000616000000|  0%| F|  |TAMS 0x0000000615c00000, 0x0000000615c00000| Untracked 
|  83|0x0000000616000000, 0x0000000616000000, 0x0000000616400000|  0%| F|  |TAMS 0x0000000616000000, 0x0000000616000000| Untracked 
|  84|0x0000000616400000, 0x0000000616400000, 0x0000000616800000|  0%| F|  |TAMS 0x0000000616400000, 0x0000000616400000| Untracked 
|  85|0x0000000616800000, 0x0000000616800000, 0x0000000616c00000|  0%| F|  |TAMS 0x0000000616800000, 0x0000000616800000| Untracked 
|  86|0x0000000616c00000, 0x0000000616c00000, 0x0000000617000000|  0%| F|  |TAMS 0x0000000616c00000, 0x0000000616c00000| Untracked 
|  87|0x0000000617000000, 0x0000000617000000, 0x0000000617400000|  0%| F|  |TAMS 0x0000000617000000, 0x0000000617000000| Untracked 
|  88|0x0000000617400000, 0x0000000617400000, 0x0000000617800000|  0%| F|  |TAMS 0x0000000617400000, 0x0000000617400000| Untracked 
|  89|0x0000000617800000, 0x0000000617800000, 0x0000000617c00000|  0%| F|  |TAMS 0x0000000617800000, 0x0000000617800000| Untracked 
|  90|0x0000000617c00000, 0x0000000617c00000, 0x0000000618000000|  0%| F|  |TAMS 0x0000000617c00000, 0x0000000617c00000| Untracked 
|  91|0x0000000618000000, 0x0000000618000000, 0x0000000618400000|  0%| F|  |TAMS 0x0000000618000000, 0x0000000618000000| Untracked 
|  92|0x0000000618400000, 0x0000000618400000, 0x0000000618800000|  0%| F|  |TAMS 0x0000000618400000, 0x0000000618400000| Untracked 
|  93|0x0000000618800000, 0x0000000618800000, 0x0000000618c00000|  0%| F|  |TAMS 0x0000000618800000, 0x0000000618800000| Untracked 
|  94|0x0000000618c00000, 0x0000000618c00000, 0x0000000619000000|  0%| F|  |TAMS 0x0000000618c00000, 0x0000000618c00000| Untracked 
|  95|0x0000000619000000, 0x0000000619000000, 0x0000000619400000|  0%| F|  |TAMS 0x0000000619000000, 0x0000000619000000| Untracked 
|  96|0x0000000619400000, 0x0000000619400000, 0x0000000619800000|  0%| F|  |TAMS 0x0000000619400000, 0x0000000619400000| Untracked 
|  97|0x0000000619800000, 0x0000000619800000, 0x0000000619c00000|  0%| F|  |TAMS 0x0000000619800000, 0x0000000619800000| Untracked 
|  98|0x0000000619c00000, 0x0000000619c00000, 0x000000061a000000|  0%| F|  |TAMS 0x0000000619c00000, 0x0000000619c00000| Untracked 
|  99|0x000000061a000000, 0x000000061a000000, 0x000000061a400000|  0%| F|  |TAMS 0x000000061a000000, 0x000000061a000000| Untracked 
| 100|0x000000061a400000, 0x000000061a400000, 0x000000061a800000|  0%| F|  |TAMS 0x000000061a400000, 0x000000061a400000| Untracked 
| 101|0x000000061a800000, 0x000000061a800000, 0x000000061ac00000|  0%| F|  |TAMS 0x000000061a800000, 0x000000061a800000| Untracked 
| 102|0x000000061ac00000, 0x000000061ac00000, 0x000000061b000000|  0%| F|  |TAMS 0x000000061ac00000, 0x000000061ac00000| Untracked 
| 103|0x000000061b000000, 0x000000061b000000, 0x000000061b400000|  0%| F|  |TAMS 0x000000061b000000, 0x000000061b000000| Untracked 
| 104|0x000000061b400000, 0x000000061b400000, 0x000000061b800000|  0%| F|  |TAMS 0x000000061b400000, 0x000000061b400000| Untracked 
| 105|0x000000061b800000, 0x000000061b800000, 0x000000061bc00000|  0%| F|  |TAMS 0x000000061b800000, 0x000000061b800000| Untracked 
| 106|0x000000061bc00000, 0x000000061bc00000, 0x000000061c000000|  0%| F|  |TAMS 0x000000061bc00000, 0x000000061bc00000| Untracked 
| 107|0x000000061c000000, 0x000000061c000000, 0x000000061c400000|  0%| F|  |TAMS 0x000000061c000000, 0x000000061c000000| Untracked 
| 108|0x000000061c400000, 0x000000061c400000, 0x000000061c800000|  0%| F|  |TAMS 0x000000061c400000, 0x000000061c400000| Untracked 
| 109|0x000000061c800000, 0x000000061c800000, 0x000000061cc00000|  0%| F|  |TAMS 0x000000061c800000, 0x000000061c800000| Untracked 
| 110|0x000000061cc00000, 0x000000061cc00000, 0x000000061d000000|  0%| F|  |TAMS 0x000000061cc00000, 0x000000061cc00000| Untracked 
| 111|0x000000061d000000, 0x000000061d000000, 0x000000061d400000|  0%| F|  |TAMS 0x000000061d000000, 0x000000061d000000| Untracked 
| 112|0x000000061d400000, 0x000000061d400000, 0x000000061d800000|  0%| F|  |TAMS 0x000000061d400000, 0x000000061d400000| Untracked 
| 113|0x000000061d800000, 0x000000061d800000, 0x000000061dc00000|  0%| F|  |TAMS 0x000000061d800000, 0x000000061d800000| Untracked 
| 114|0x000000061dc00000, 0x000000061dc00000, 0x000000061e000000|  0%| F|  |TAMS 0x000000061dc00000, 0x000000061dc00000| Untracked 
| 115|0x000000061e000000, 0x000000061e000000, 0x000000061e400000|  0%| F|  |TAMS 0x000000061e000000, 0x000000061e000000| Untracked 
| 116|0x000000061e400000, 0x000000061e400000, 0x000000061e800000|  0%| F|  |TAMS 0x000000061e400000, 0x000000061e400000| Untracked 
| 117|0x000000061e800000, 0x000000061e800000, 0x000000061ec00000|  0%| F|  |TAMS 0x000000061e800000, 0x000000061e800000| Untracked 
| 118|0x000000061ec00000, 0x000000061ec00000, 0x000000061f000000|  0%| F|  |TAMS 0x000000061ec00000, 0x000000061ec00000| Untracked 
| 119|0x000000061f000000, 0x000000061f000000, 0x000000061f400000|  0%| F|  |TAMS 0x000000061f000000, 0x000000061f000000| Untracked 
| 120|0x000000061f400000, 0x000000061f400000, 0x000000061f800000|  0%| F|  |TAMS 0x000000061f400000, 0x000000061f400000| Untracked 
| 121|0x000000061f800000, 0x000000061f800000, 0x000000061fc00000|  0%| F|  |TAMS 0x000000061f800000, 0x000000061f800000| Untracked 
| 122|0x000000061fc00000, 0x000000061fc00000, 0x0000000620000000|  0%| F|  |TAMS 0x000000061fc00000, 0x000000061fc00000| Untracked 
| 123|0x0000000620000000, 0x00000006203fd760, 0x0000000620400000| 99%| E|  |TAMS 0x0000000620000000, 0x0000000620000000| Complete 
| 124|0x0000000620400000, 0x0000000620800000, 0x0000000620800000|100%| E|  |TAMS 0x0000000620400000, 0x0000000620400000| Complete 
| 125|0x0000000620800000, 0x0000000620c00000, 0x0000000620c00000|100%| E|CS|TAMS 0x0000000620800000, 0x0000000620800000| Complete 
| 126|0x0000000620c00000, 0x0000000621000000, 0x0000000621000000|100%| E|CS|TAMS 0x0000000620c00000, 0x0000000620c00000| Complete 
| 127|0x0000000621000000, 0x0000000621400000, 0x0000000621400000|100%| E|CS|TAMS 0x0000000621000000, 0x0000000621000000| Complete 

Card table byte_map: [0x000001422c450000,0x000001422d450000] _byte_map_base: 0x0000014229446000

Marking Bits (Prev, Next): (CMBitMap*) 0x00000142147744e0, (CMBitMap*) 0x0000014214774520
 Prev Bits: [0x000001422e450000, 0x0000014236400000)
 Next Bits: [0x0000014236400000, 0x000001423e3b0000)

Polling page: 0x0000014212640000

Metaspace:

Usage:
  Non-class:      8.26 MB used.
      Class:    558.75 KB used.
       Both:      8.80 MB used.

Virtual space:
  Non-class space:       16.00 MB reserved,       8.38 MB ( 52%) committed,  2 nodes.
      Class space:        1.00 GB reserved,     640.00 KB ( <1%) committed,  1 nodes.
             Both:        1.02 GB reserved,       9.00 MB ( <1%) committed. 

Chunk freelists:
   Non-Class:  2.55 MB
       Class:  3.34 MB
        Both:  5.89 MB

MaxMetaspaceSize: unlimited
CompressedClassSpaceSize: 1.00 GB
Initial GC threshold: 21.00 MB
Current GC threshold: 21.00 MB
CDS: on
MetaspaceReclaimPolicy: balanced
 - commit_granule_bytes: 65536.
 - commit_granule_words: 8192.
 - virtual_space_node_default_size: 1048576.
 - enlarge_chunks_in_place: 1.
 - new_chunks_are_fully_committed: 0.
 - uncommit_free_chunks: 1.
 - use_allocation_guard: 0.
 - handle_deallocations: 1.


Internal statistics:

num_allocs_failed_limit: 0.
num_arena_births: 122.
num_arena_deaths: 0.
num_vsnodes_births: 3.
num_vsnodes_deaths: 0.
num_space_committed: 142.
num_space_uncommitted: 0.
num_chunks_returned_to_freelist: 0.
num_chunks_taken_from_freelist: 338.
num_chunk_merges: 0.
num_chunk_splits: 251.
num_chunks_enlarged: 204.
num_purges: 0.
num_inconsistent_stats: 0.

CodeHeap 'non-profiled nmethods': size=120000Kb used=308Kb max_used=308Kb free=119692Kb
 bounds [0x00000142239d0000, 0x0000014223c40000, 0x000001422af00000]
CodeHeap 'profiled nmethods': size=120000Kb used=1607Kb max_used=1607Kb free=118392Kb
 bounds [0x000001421c4a0000, 0x000001421c710000, 0x00000142239d0000]
CodeHeap 'non-nmethods': size=5760Kb used=1742Kb max_used=1755Kb free=4018Kb
 bounds [0x000001421bf00000, 0x000001421c170000, 0x000001421c4a0000]
 total_blobs=2201 nmethods=989 adapters=1125
 compilation: enabled
              stopped_count=0, restarted_count=0
 full_count=0

Compilation events (20 events):
Event: 0.588 Thread 0x00000142410955e0  980       1       org.lwjgl.system.MemoryStack::getPointer (5 bytes)
Event: 0.588 Thread 0x00000142410955e0 nmethod 980 0x0000014223a1ca10 code [0x0000014223a1cba0, 0x0000014223a1cc78]
Event: 0.588 Thread 0x00000142410955e0  981       3       org.lwjgl.system.MemoryUtil::address (11 bytes)
Event: 0.589 Thread 0x00000142410955e0 nmethod 981 0x000001421c62f690 code [0x000001421c62f820, 0x000001421c62f918]
Event: 0.589 Thread 0x00000142410955e0  982       3       org.lwjgl.system.MemoryUtil::memAddress (13 bytes)
Event: 0.589 Thread 0x00000142410955e0 nmethod 982 0x000001421c62f990 code [0x000001421c62fb40, 0x000001421c62fd68]
Event: 0.589 Thread 0x00000142410955e0  983       3       org.lwjgl.system.MemoryStack::setPointer (17 bytes)
Event: 0.589 Thread 0x00000142410955e0 nmethod 983 0x000001421c62fe90 code [0x000001421c630040, 0x000001421c630328]
Event: 0.589 Thread 0x00000142410955e0  984       3       org.lwjgl.system.MemoryStack::checkPointer (23 bytes)
Event: 0.589 Thread 0x00000142410955e0 nmethod 984 0x000001421c630490 code [0x000001421c630640, 0x000001421c6308a8]
Event: 0.589 Thread 0x00000142410955e0  985       3       org.lwjgl.system.MemoryStack::callocInt (30 bytes)
Event: 0.589 Thread 0x00000142410955e0 nmethod 985 0x000001421c630990 code [0x000001421c630b60, 0x000001421c630ea8]
Event: 0.589 Thread 0x0000014241087620  986       4       java.nio.ByteOrder::nativeOrder (4 bytes)
Event: 0.589 Thread 0x00000142410955e0  987       3       jdk.internal.loader.Resource::<init> (5 bytes)
Event: 0.589 Thread 0x00000142410955e0 nmethod 987 0x000001421c631010 code [0x000001421c6311a0, 0x000001421c6312f8]
Event: 0.589 Thread 0x0000014241087620 nmethod 986 0x0000014223a1cd10 code [0x0000014223a1ce80, 0x0000014223a1ced8]
Event: 0.591 Thread 0x00000142410955e0  988       3       sun.net.www.protocol.jar.Handler::checkNestedProtocol (18 bytes)
Event: 0.591 Thread 0x00000142410955e0 nmethod 988 0x000001421c631390 code [0x000001421c631540, 0x000001421c631728]
Event: 0.593 Thread 0x00000142410955e0  989       3       java.util.concurrent.ConcurrentHashMap::sumCount (60 bytes)
Event: 0.593 Thread 0x00000142410955e0 nmethod 989 0x000001421c631810 code [0x000001421c6319c0, 0x000001421c631c38]

GC Heap History (0 events):
No events

Deoptimization events (20 events):
Event: 0.478 Thread 0x0000014242148320 Uncommon trap: trap_request=0xffffff5c fr.pc=0x0000014223a0ed58 relative=0x0000000000000058
Event: 0.478 Thread 0x0000014242148320 Uncommon trap: reason=speculate_null_check action=make_not_entrant pc=0x0000014223a0ed58 method=sun.misc.Unsafe.putInt(Ljava/lang/Object;JI)V @ 7 c2
Event: 0.478 Thread 0x0000014242148320 DEOPT PACKING pc=0x0000014223a0ed58 sp=0x00000016ab8fee00
Event: 0.478 Thread 0x0000014242148320 DEOPT UNPACKING pc=0x000001421bf523a3 sp=0x00000016ab8fed80 mode 2
Event: 0.487 Thread 0x0000014242148320 Uncommon trap: trap_request=0xffffffde fr.pc=0x0000014223a129f8 relative=0x0000000000000438
Event: 0.487 Thread 0x0000014242148320 Uncommon trap: reason=class_check action=maybe_recompile pc=0x0000014223a129f8 method=java.util.HashMap.getNode(Ljava/lang/Object;)Ljava/util/HashMap$Node; @ 128 c2
Event: 0.487 Thread 0x0000014242148320 DEOPT PACKING pc=0x0000014223a129f8 sp=0x00000016ab8fdb90
Event: 0.487 Thread 0x0000014242148320 DEOPT UNPACKING pc=0x000001421bf523a3 sp=0x00000016ab8fdaa8 mode 2
Event: 0.504 Thread 0x0000014242148320 Uncommon trap: trap_request=0xffffff45 fr.pc=0x0000014223a05ab4 relative=0x00000000000004f4
Event: 0.504 Thread 0x0000014242148320 Uncommon trap: reason=unstable_if action=reinterpret pc=0x0000014223a05ab4 method=java.lang.AbstractStringBuilder.putStringAt(ILjava/lang/String;II)V @ 8 c2
Event: 0.504 Thread 0x0000014242148320 DEOPT PACKING pc=0x0000014223a05ab4 sp=0x00000016ab8febc0
Event: 0.504 Thread 0x0000014242148320 DEOPT UNPACKING pc=0x000001421bf523a3 sp=0x00000016ab8fea48 mode 2
Event: 0.504 Thread 0x0000014242148320 Uncommon trap: trap_request=0xffffff45 fr.pc=0x0000014223a001ac relative=0x00000000000004ec
Event: 0.504 Thread 0x0000014242148320 Uncommon trap: reason=unstable_if action=reinterpret pc=0x0000014223a001ac method=java.lang.AbstractStringBuilder.putStringAt(ILjava/lang/String;II)V @ 8 c2
Event: 0.504 Thread 0x0000014242148320 DEOPT PACKING pc=0x0000014223a001ac sp=0x00000016ab8feb50
Event: 0.504 Thread 0x0000014242148320 DEOPT UNPACKING pc=0x000001421bf523a3 sp=0x00000016ab8fea40 mode 2
Event: 0.504 Thread 0x0000014242148320 Uncommon trap: trap_request=0xffffff45 fr.pc=0x00000142239f875c relative=0x000000000000005c
Event: 0.504 Thread 0x0000014242148320 Uncommon trap: reason=unstable_if action=reinterpret pc=0x00000142239f875c method=java.lang.AbstractStringBuilder.isLatin1()Z @ 10 c2
Event: 0.504 Thread 0x0000014242148320 DEOPT PACKING pc=0x00000142239f875c sp=0x00000016ab8fe9e0
Event: 0.504 Thread 0x0000014242148320 DEOPT UNPACKING pc=0x000001421bf523a3 sp=0x00000016ab8fe970 mode 2

Classes unloaded (0 events):
No events

Classes redefined (0 events):
No events

Internal exceptions (20 events):
Event: 0.160 Thread 0x00000142146fd920 Exception <a 'java/lang/NoSuchMethodError'{0x0000000620f065d8}: 'int java.lang.invoke.DirectMethodHandle$Holder.invokeSpecial(java.lang.Object, java.lang.Object, java.lang.Object)'> (0x0000000620f065d8) 
thrown [t:\workspace\open\src\hotspot\share\interpreter\linkResolver.cpp, line 766]
Event: 0.175 Thread 0x00000142146fd920 Exception <a 'sun/nio/fs/WindowsException'{0x0000000620f81fe0}> (0x0000000620f81fe0) 
thrown [t:\workspace\open\src\hotspot\share\prims\jni.cpp, line 516]
Event: 0.175 Thread 0x00000142146fd920 Exception <a 'sun/nio/fs/WindowsException'{0x0000000620f82330}> (0x0000000620f82330) 
thrown [t:\workspace\open\src\hotspot\share\prims\jni.cpp, line 516]
Event: 0.185 Thread 0x00000142146fd920 Exception <a 'java/lang/NoSuchMethodError'{0x0000000620fb7d78}: 'int java.lang.invoke.DirectMethodHandle$Holder.invokeStaticInit(java.lang.Object, java.lang.Object, int, long)'> (0x0000000620fb7d78) 
thrown [t:\workspace\open\src\hotspot\share\interpreter\linkResolver.cpp, line 766]
Event: 0.185 Thread 0x00000142146fd920 Exception <a 'java/lang/NoSuchMethodError'{0x0000000620fbd640}: 'java.lang.Object java.lang.invoke.DirectMethodHandle$Holder.newInvokeSpecial(java.lang.Object, java.lang.Object, int)'> (0x0000000620fbd640) 
thrown [t:\workspace\open\src\hotspot\share\interpreter\linkResolver.cpp, line 766]
Event: 0.186 Thread 0x00000142146fd920 Exception <a 'java/lang/NoSuchMethodError'{0x0000000620fce078}: 'int java.lang.invoke.DirectMethodHandle$Holder.invokeStaticInit(java.lang.Object, java.lang.Object, long, long)'> (0x0000000620fce078) 
thrown [t:\workspace\open\src\hotspot\share\interpreter\linkResolver.cpp, line 766]
Event: 0.186 Thread 0x00000142146fd920 Exception <a 'java/lang/NoSuchMethodError'{0x0000000620fd3d08}: 'java.lang.Object java.lang.invoke.DirectMethodHandle$Holder.newInvokeSpecial(java.lang.Object, java.lang.Object, long)'> (0x0000000620fd3d08) 
thrown [t:\workspace\open\src\hotspot\share\interpreter\linkResolver.cpp, line 766]
Event: 0.187 Thread 0x00000142146fd920 Exception <a 'java/lang/NoSuchMethodError'{0x0000000620fd75d0}: 'java.lang.Object java.lang.invoke.Invokers$Holder.linkToTargetMethod(java.lang.Object, long, java.lang.Object)'> (0x0000000620fd75d0) 
thrown [t:\workspace\open\src\hotspot\share\interpreter\linkResolver.cpp, line 766]
Event: 0.187 Thread 0x00000142146fd920 Exception <a 'java/lang/NoSuchMethodError'{0x0000000620fdeaa0}: 'int java.lang.invoke.DirectMethodHandle$Holder.invokeStaticInit(java.lang.Object, java.lang.Object, java.lang.Object, long)'> (0x0000000620fdeaa0) 
thrown [t:\workspace\open\src\hotspot\share\interpreter\linkResolver.cpp, line 766]
Event: 0.208 Thread 0x0000014242148320 Exception <a 'sun/nio/fs/WindowsException'{0x0000000620958228}> (0x0000000620958228) 
thrown [t:\workspace\open\src\hotspot\share\prims\jni.cpp, line 516]
Event: 0.208 Thread 0x0000014242148320 Exception <a 'sun/nio/fs/WindowsException'{0x0000000620958588}> (0x0000000620958588) 
thrown [t:\workspace\open\src\hotspot\share\prims\jni.cpp, line 516]
Event: 0.391 Thread 0x0000014242148320 Exception <a 'sun/nio/fs/WindowsException'{0x00000006209eda70}> (0x00000006209eda70) 
thrown [t:\workspace\open\src\hotspot\share\prims\jni.cpp, line 516]
Event: 0.391 Thread 0x0000014242148320 Exception <a 'sun/nio/fs/WindowsException'{0x00000006209ee050}> (0x00000006209ee050) 
thrown [t:\workspace\open\src\hotspot\share\prims\jni.cpp, line 516]
Event: 0.397 Thread 0x0000014242148320 Exception <a 'sun/nio/fs/WindowsException'{0x00000006209f6c50}> (0x00000006209f6c50) 
thrown [t:\workspace\open\src\hotspot\share\prims\jni.cpp, line 516]
Event: 0.397 Thread 0x0000014242148320 Exception <a 'sun/nio/fs/WindowsException'{0x00000006209f6f20}> (0x00000006209f6f20) 
thrown [t:\workspace\open\src\hotspot\share\prims\jni.cpp, line 516]
Event: 0.478 Thread 0x0000014242148320 Exception <a 'java/lang/NoSuchMethodError'{0x00000006206cd478}: 'long java.lang.invoke.DirectMethodHandle$Holder.invokeStatic(java.lang.Object, long, long, long)'> (0x00000006206cd478) 
thrown [t:\workspace\open\src\hotspot\share\interpreter\linkResolver.cpp, line 766]
Event: 0.479 Thread 0x0000014242148320 Exception <a 'java/lang/NoSuchMethodError'{0x00000006206d6040}: 'void java.lang.invoke.DirectMethodHandle$Holder.invokeStatic(java.lang.Object, long, long)'> (0x00000006206d6040) 
thrown [t:\workspace\open\src\hotspot\share\interpreter\linkResolver.cpp, line 766]
Event: 0.489 Thread 0x0000014242148320 Exception <a 'sun/nio/fs/WindowsException'{0x000000062076e918}> (0x000000062076e918) 
thrown [t:\workspace\open\src\hotspot\share\prims\jni.cpp, line 516]
Event: 0.489 Thread 0x0000014242148320 Exception <a 'sun/nio/fs/WindowsException'{0x000000062076ecc8}> (0x000000062076ecc8) 
thrown [t:\workspace\open\src\hotspot\share\prims\jni.cpp, line 516]
Event: 0.590 Thread 0x0000014242148320 Exception <a 'java/lang/NullPointerException'{0x0000000620390370}> (0x0000000620390370) 
thrown [t:\workspace\open\src\hotspot\share\interpreter\linkResolver.cpp, line 1357]

VM Operations (8 events):
Event: 0.042 Executing VM operation: HandshakeAllThreads
Event: 0.042 Executing VM operation: HandshakeAllThreads done
Event: 0.077 Executing VM operation: HandshakeAllThreads
Event: 0.077 Executing VM operation: HandshakeAllThreads done
Event: 0.172 Executing VM operation: HandshakeAllThreads
Event: 0.172 Executing VM operation: HandshakeAllThreads done
Event: 0.592 Executing VM operation: HandshakeAllThreads
Event: 0.592 Executing VM operation: HandshakeAllThreads done

Events (20 events):
Event: 0.486 loading class jdk/internal/misc/ScopedMemoryAccess$Scope done
Event: 0.494 Loaded shared library C:\Users\Yann\AppData\Local\Temp\lwjglYann\3.3.0-build-21\lwjgl_nuklear.dll
Event: 0.502 loading class sun/net/ProgressMonitor
Event: 0.502 loading class sun/net/ProgressMonitor done
Event: 0.502 loading class sun/net/DefaultProgressMeteringPolicy
Event: 0.502 loading class sun/net/ProgressMeteringPolicy
Event: 0.502 loading class sun/net/ProgressMeteringPolicy done
Event: 0.502 loading class sun/net/DefaultProgressMeteringPolicy done
Event: 0.502 loading class java/util/Scanner
Event: 0.502 loading class java/util/Scanner done
Event: 0.503 loading class java/util/Scanner$PatternLRUCache
Event: 0.503 loading class java/util/Scanner$PatternLRUCache done
Event: 0.537 loading class java/lang/SecurityException
Event: 0.537 loading class java/lang/SecurityException done
Event: 0.590 loading class java/lang/Throwable$WrappedPrintStream
Event: 0.590 loading class java/lang/Throwable$PrintStreamOrWriter
Event: 0.590 loading class java/lang/Throwable$PrintStreamOrWriter done
Event: 0.590 loading class java/lang/Throwable$WrappedPrintStream done
Event: 0.592 loading class java/lang/NumberFormatException
Event: 0.592 loading class java/lang/NumberFormatException done


Dynamic libraries:
0x00007ff7db870000 - 0x00007ff7db880000 	C:\Program Files\Java\jdk-17.0.1\bin\java.exe
0x00007ffdece30000 - 0x00007ffded025000 	C:\WINDOWS\SYSTEM32\ntdll.dll
0x00007ffdcbe10000 - 0x00007ffdcbe26000 	C:\Program Files\AVAST Software\Avast\aswhook.dll
0x00007ffdecc90000 - 0x00007ffdecd4e000 	C:\WINDOWS\System32\KERNEL32.DLL
0x00007ffdea7b0000 - 0x00007ffdeaa78000 	C:\WINDOWS\System32\KERNELBASE.dll
0x00007ffdea6b0000 - 0x00007ffdea7b0000 	C:\WINDOWS\System32\ucrtbase.dll
0x00007ffde6d40000 - 0x00007ffde6d58000 	C:\Program Files\Java\jdk-17.0.1\bin\jli.dll
0x00007ffde6d60000 - 0x00007ffde6d7a000 	C:\Program Files\Java\jdk-17.0.1\bin\VCRUNTIME140.dll
0x00007ffdeb490000 - 0x00007ffdeb53c000 	C:\WINDOWS\System32\ADVAPI32.dll
0x00007ffdec910000 - 0x00007ffdec9ae000 	C:\WINDOWS\System32\msvcrt.dll
0x00007ffdeaf00000 - 0x00007ffdeaf9b000 	C:\WINDOWS\System32\sechost.dll
0x00007ffdeb540000 - 0x00007ffdeb66a000 	C:\WINDOWS\System32\RPCRT4.dll
0x00007ffdeb700000 - 0x00007ffdeb8a1000 	C:\WINDOWS\System32\USER32.dll
0x00007ffdeae50000 - 0x00007ffdeae72000 	C:\WINDOWS\System32\win32u.dll
0x00007ffdcd100000 - 0x00007ffdcd39a000 	C:\WINDOWS\WinSxS\amd64_microsoft.windows.common-controls_6595b64144ccf1df_6.0.19041.1110_none_60b5254171f9507e\COMCTL32.dll
0x00007ffdeb460000 - 0x00007ffdeb48b000 	C:\WINDOWS\System32\GDI32.dll
0x00007ffdeac60000 - 0x00007ffdead6b000 	C:\WINDOWS\System32\gdi32full.dll
0x00007ffdeaa80000 - 0x00007ffdeab1d000 	C:\WINDOWS\System32\msvcp_win.dll
0x00007ffde0860000 - 0x00007ffde086a000 	C:\WINDOWS\SYSTEM32\VERSION.dll
0x00007ffdec460000 - 0x00007ffdec490000 	C:\WINDOWS\System32\IMM32.DLL
0x00007ffde7df0000 - 0x00007ffde7dfc000 	C:\Program Files\Java\jdk-17.0.1\bin\vcruntime140_1.dll
0x00007ffdd49e0000 - 0x00007ffdd4a6d000 	C:\Program Files\Java\jdk-17.0.1\bin\msvcp140.dll
0x00007ffd6ccd0000 - 0x00007ffd6d88e000 	C:\Program Files\Java\jdk-17.0.1\bin\server\jvm.dll
0x00007ffdec2c0000 - 0x00007ffdec2c8000 	C:\WINDOWS\System32\PSAPI.DLL
0x00007ffdd85b0000 - 0x00007ffdd85b9000 	C:\WINDOWS\SYSTEM32\WSOCK32.dll
0x00007ffde0830000 - 0x00007ffde0857000 	C:\WINDOWS\SYSTEM32\WINMM.dll
0x00007ffdec250000 - 0x00007ffdec2bb000 	C:\WINDOWS\System32\WS2_32.dll
0x00007ffde8470000 - 0x00007ffde8482000 	C:\WINDOWS\SYSTEM32\kernel.appcore.dll
0x00007ffde6d30000 - 0x00007ffde6d3a000 	C:\Program Files\Java\jdk-17.0.1\bin\jimage.dll
0x00007ffde2ea0000 - 0x00007ffde3084000 	C:\WINDOWS\SYSTEM32\DBGHELP.DLL
0x00007ffdddd70000 - 0x00007ffdddd9c000 	C:\WINDOWS\SYSTEM32\dbgcore.DLL
0x00007ffdeabd0000 - 0x00007ffdeac53000 	C:\WINDOWS\System32\bcryptPrimitives.dll
0x00007ffddac20000 - 0x00007ffddac2e000 	C:\Program Files\Java\jdk-17.0.1\bin\instrument.dll
0x00007ffde6c80000 - 0x00007ffde6ca5000 	C:\Program Files\Java\jdk-17.0.1\bin\java.dll
0x00007ffdd4860000 - 0x00007ffdd4936000 	C:\Program Files\Java\jdk-17.0.1\bin\svml.dll
0x00007ffdeba30000 - 0x00007ffdec16f000 	C:\WINDOWS\System32\SHELL32.dll
0x00007ffde8670000 - 0x00007ffde8e00000 	C:\WINDOWS\SYSTEM32\windows.storage.dll
0x00007ffdeafa0000 - 0x00007ffdeb2f5000 	C:\WINDOWS\System32\combase.dll
0x00007ffde9fa0000 - 0x00007ffde9fce000 	C:\WINDOWS\SYSTEM32\Wldp.dll
0x00007ffdeb3b0000 - 0x00007ffdeb45d000 	C:\WINDOWS\System32\SHCORE.dll
0x00007ffdec2d0000 - 0x00007ffdec325000 	C:\WINDOWS\System32\shlwapi.dll
0x00007ffdea490000 - 0x00007ffdea4af000 	C:\WINDOWS\SYSTEM32\profapi.dll
0x00007ffddad70000 - 0x00007ffddad88000 	C:\Program Files\Java\jdk-17.0.1\bin\zip.dll
0x00007ffde6d10000 - 0x00007ffde6d29000 	C:\Program Files\Java\jdk-17.0.1\bin\net.dll
0x00007ffddd8b0000 - 0x00007ffddd9bc000 	C:\WINDOWS\SYSTEM32\WINHTTP.dll
0x00007ffde9d00000 - 0x00007ffde9d6a000 	C:\WINDOWS\system32\mswsock.dll
0x00007ffddad90000 - 0x00007ffddada5000 	C:\Program Files\Java\jdk-17.0.1\bin\nio.dll
0x00007ffddaaa0000 - 0x00007ffddaaba000 	E:\Program Files (x86)\apps\IDEA-U\ch-0\212.5457.46\bin\breakgen64.dll
0x00007ffde9ef0000 - 0x00007ffde9f08000 	C:\WINDOWS\SYSTEM32\CRYPTSP.dll
0x00007ffde9610000 - 0x00007ffde9644000 	C:\WINDOWS\system32\rsaenh.dll
0x00007ffdeae20000 - 0x00007ffdeae47000 	C:\WINDOWS\System32\bcrypt.dll
0x00007ffdea410000 - 0x00007ffdea43e000 	C:\WINDOWS\SYSTEM32\USERENV.dll
0x00007ffde9f10000 - 0x00007ffde9f1c000 	C:\WINDOWS\SYSTEM32\CRYPTBASE.dll
0x00007ffde99a0000 - 0x00007ffde99db000 	C:\WINDOWS\SYSTEM32\IPHLPAPI.DLL
0x00007ffdecde0000 - 0x00007ffdecde8000 	C:\WINDOWS\System32\NSI.dll
0x00007ffde3090000 - 0x00007ffde30a7000 	C:\WINDOWS\SYSTEM32\dhcpcsvc6.DLL
0x00007ffde2e80000 - 0x00007ffde2e9d000 	C:\WINDOWS\SYSTEM32\dhcpcsvc.DLL
0x00007ffde99f0000 - 0x00007ffde9abb000 	C:\WINDOWS\SYSTEM32\DNSAPI.dll
0x00007ffdd2bc0000 - 0x00007ffdd2bd7000 	C:\WINDOWS\system32\napinsp.dll
0x00007ffdd2ba0000 - 0x00007ffdd2bbb000 	C:\WINDOWS\system32\pnrpnsp.dll
0x00007ffdd2b80000 - 0x00007ffdd2b95000 	C:\WINDOWS\system32\wshbth.dll
0x00007ffde5f00000 - 0x00007ffde5f1d000 	C:\WINDOWS\system32\NLAapi.dll
0x00007ffdd2b60000 - 0x00007ffdd2b72000 	C:\WINDOWS\System32\winrnr.dll
0x00007ffde01a0000 - 0x00007ffde01aa000 	C:\Windows\System32\rasadhlp.dll
0x00007ffdded40000 - 0x00007ffddedbf000 	C:\WINDOWS\System32\fwpuclnt.dll
0x00007ffdda780000 - 0x00007ffdda787000 	C:\Program Files\Java\jdk-17.0.1\bin\rmi.dll
0x00007ffdd36d0000 - 0x00007ffdd3741000 	C:\Users\Yann\AppData\Local\Temp\lwjglYann\3.3.0-build-21\lwjgl.dll
0x00007ffde6c70000 - 0x00007ffde6c80000 	C:\Program Files\Java\jdk-17.0.1\bin\verify.dll
0x00007ffdd3660000 - 0x00007ffdd36c1000 	C:\Users\Yann\AppData\Local\Temp\lwjglYann\3.3.0-build-21\glfw.dll
0x00007ffdd4ad0000 - 0x00007ffdd4b15000 	C:\WINDOWS\SYSTEM32\dinput8.dll
0x00007ffdd4cc0000 - 0x00007ffdd4cd1000 	C:\WINDOWS\SYSTEM32\xinput1_4.dll
0x00007ffdeab20000 - 0x00007ffdeab6e000 	C:\WINDOWS\System32\cfgmgr32.dll
0x00007ffdea2f0000 - 0x00007ffdea324000 	C:\WINDOWS\SYSTEM32\DEVOBJ.dll
0x00007ffde8180000 - 0x00007ffde81af000 	C:\WINDOWS\SYSTEM32\dwmapi.dll
0x00007ffdddac0000 - 0x00007ffdddc12000 	C:\WINDOWS\SYSTEM32\inputhost.dll
0x00007ffdec390000 - 0x00007ffdec45d000 	C:\WINDOWS\System32\OLEAUT32.dll
0x00007ffde77d0000 - 0x00007ffde78c2000 	C:\WINDOWS\SYSTEM32\CoreMessaging.dll
0x00007ffde6da0000 - 0x00007ffde6ef4000 	C:\WINDOWS\SYSTEM32\wintypes.dll
0x00007ffde7a10000 - 0x00007ffde7b06000 	C:\WINDOWS\SYSTEM32\PROPSYS.dll
0x00007ffde7470000 - 0x00007ffde77ce000 	C:\WINDOWS\SYSTEM32\CoreUIComponents.dll
0x00007ffde9240000 - 0x00007ffde9273000 	C:\WINDOWS\SYSTEM32\ntmarta.dll
0x00007ffde7f70000 - 0x00007ffde800e000 	C:\WINDOWS\system32\uxtheme.dll
0x00007ffdeb8b0000 - 0x00007ffdeb9c5000 	C:\WINDOWS\System32\MSCTF.dll
0x00007ffdaf950000 - 0x00007ffdafa75000 	C:\WINDOWS\SYSTEM32\opengl32.dll
0x00007ffdaf870000 - 0x00007ffdaf89c000 	C:\WINDOWS\SYSTEM32\GLU32.dll
0x00007ffdeb300000 - 0x00007ffdeb3a9000 	C:\WINDOWS\System32\clbcatq.dll
0x00007ffdaeac0000 - 0x00007ffdaeaec000 	C:\WINDOWS\System32\DriverStore\FileRepository\u0372545.inf_amd64_56d459236871c3f2\B372333\atig6pxx.dll
0x00000142433b0000 - 0x00000142461f3000 	C:\WINDOWS\System32\DriverStore\FileRepository\u0372545.inf_amd64_56d459236871c3f2\B372333\atio6axx.dll
0x00007ffdec490000 - 0x00007ffdec902000 	C:\WINDOWS\System32\SETUPAPI.dll
0x00007ffdec9b0000 - 0x00007ffdecada000 	C:\WINDOWS\System32\ole32.dll
0x00007ffdc8db0000 - 0x00007ffdc8dd4000 	C:\WINDOWS\SYSTEM32\dxva2.dll
0x00007ffdabc30000 - 0x00007ffdabc6f000 	C:\WINDOWS\System32\DriverStore\FileRepository\u0372545.inf_amd64_56d459236871c3f2\B372333\atig6txx.dll
0x00007ffdaf260000 - 0x00007ffdaf42c000 	C:\WINDOWS\SYSTEM32\atiadlxx.dll
0x00007ffdc30f0000 - 0x00007ffdc3139000 	C:\WINDOWS\SYSTEM32\pdh.dll
0x00007ffdeab70000 - 0x00007ffdeabd0000 	C:\WINDOWS\System32\WINTRUST.dll
0x00007ffdea550000 - 0x00007ffdea6a6000 	C:\WINDOWS\System32\CRYPT32.dll
0x00007ffdea130000 - 0x00007ffdea142000 	C:\WINDOWS\SYSTEM32\MSASN1.dll
0x00007ffde0a30000 - 0x00007ffde0a6b000 	C:\WINDOWS\SYSTEM32\dxcore.dll
0x00007ffddd9c0000 - 0x00007ffdddab9000 	C:\WINDOWS\SYSTEM32\textinputframework.dll
0x00007ffdd3530000 - 0x00007ffdd358d000 	C:\Users\Yann\AppData\Local\Temp\lwjglYann\3.3.0-build-21\lwjgl_opengl.dll
0x00007ffdd34c0000 - 0x00007ffdd3521000 	C:\Users\Yann\AppData\Local\Temp\lwjglYann\3.3.0-build-21\lwjgl_nuklear.dll

dbghelp: loaded successfully - version: 4.0.5 - missing functions: none
symbol engine: initialized successfully - sym options: 0x614 - pdb path: .;C:\Program Files\Java\jdk-17.0.1\bin;C:\WINDOWS\SYSTEM32;C:\Program Files\AVAST Software\Avast;C:\WINDOWS\WinSxS\amd64_microsoft.windows.common-controls_6595b64144ccf1df_6.0.19041.1110_none_60b5254171f9507e;C:\Program Files\Java\jdk-17.0.1\bin\server;E:\Program Files (x86)\apps\IDEA-U\ch-0\212.5457.46\bin;C:\Users\Yann\AppData\Local\Temp\lwjglYann\3.3.0-build-21;C:\WINDOWS\System32\DriverStore\FileRepository\u0372545.inf_amd64_56d459236871c3f2\B372333

VM Arguments:
jvm_args: -Dvisualvm.id=17338941925800 -javaagent:E:\Program Files (x86)\apps\IDEA-U\ch-0\212.5457.46\lib\idea_rt.jar=56061:E:\Program Files (x86)\apps\IDEA-U\ch-0\212.5457.46\bin -Dfile.encoding=UTF-8 
java_command: network.Server
java_class_path (initial): E:\Yann\CODE\3DGameOfLife\out\production\3DGameOfLife;E:\Yann\CODE\3DGameOfLife\lwjgl-release-3.3.0-custom\joml-1.10.2.jar;E:\Yann\CODE\3DGameOfLife\lwjgl-release-3.3.0-custom\lwjgl-assimp-natives-windows.jar;E:\Yann\CODE\3DGameOfLife\lwjgl-release-3.3.0-custom\lwjgl-assimp.jar;E:\Yann\CODE\3DGameOfLife\lwjgl-release-3.3.0-custom\lwjgl-bgfx-natives-windows.jar;E:\Yann\CODE\3DGameOfLife\lwjgl-release-3.3.0-custom\lwjgl-bgfx.jar;E:\Yann\CODE\3DGameOfLife\lwjgl-release-3.3.0-custom\lwjgl-glfw-natives-windows.jar;E:\Yann\CODE\3DGameOfLife\lwjgl-release-3.3.0-custom\lwjgl-glfw.jar;E:\Yann\CODE\3DGameOfLife\lwjgl-release-3.3.0-custom\lwjgl-nanovg-natives-windows.jar;E:\Yann\CODE\3DGameOfLife\lwjgl-release-3.3.0-custom\lwjgl-nanovg.jar;E:\Yann\CODE\3DGameOfLife\lwjgl-release-3.3.0-custom\lwjgl-natives-windows.jar;E:\Yann\CODE\3DGameOfLife\lwjgl-release-3.3.0-custom\lwjgl-nuklear-natives-windows.jar;E:\Yann\CODE\3DGameOfLife\lwjgl-release-3.3.0-custom\lwjgl-nuklear.jar;E:\Yann\CODE\3DGameOfLife\lwjgl-release-3.3.0-custom\lwjgl-openal-natives-windows.jar;E:\Yann\CODE\3DGameOfLife\lwjgl-release-3.3.0-custom\lwjgl-openal.jar;E:\Yann\CODE\3DGameOfLife\lwjgl-release-3.3.0-custom\lwjgl-opengl-natives-windows.jar;E:\Yann\CODE\3DGameOfLife\lwjgl-release-3.3.0-custom\lwjgl-opengl.jar;E:\Yann\CODE\3DGameOfLife\lwjgl-release-3.3.0-custom\lwjgl-par-natives-windows.jar;E:\Yann\CODE\3DGameOfLife\lwjgl-release-3.3.0-custom\lwjgl-par.jar;E:\Yann\CODE\3DGameOfLife\lwjgl-release-3.3.0-custom\lwjgl-stb-natives-windows.jar;E:\Yann\CODE\3DGameOfLife\lwjgl-release-3.3.0-custom\lwjgl-stb.jar;E:\Yann\CODE\3DGameOfLife\lwjgl-release-3.3.0-custom\lwjgl-vulkan.jar;E:\Yann\CODE\3DGameOfLife\lwjgl-release-3.3.0-custom\lwjgl.jar
Launcher Type: SUN_STANDARD

[Global flags]
     intx CICompilerCount                          = 4                                         {product} {ergonomic}
     uint ConcGCThreads                            = 3                                         {product} {ergonomic}
     uint G1ConcRefinementThreads                  = 10                                        {product} {ergonomic}
   size_t G1HeapRegionSize                         = 4194304                                   {product} {ergonomic}
    uintx GCDrainStackTargetSize                   = 64                                        {product} {ergonomic}
   size_t InitialHeapSize                          = 536870912                                 {product} {ergonomic}
   size_t MarkStackSize                            = 4194304                                   {product} {ergonomic}
   size_t MaxHeapSize                              = 8568963072                                {product} {ergonomic}
   size_t MaxNewSize                               = 5138022400                                {product} {ergonomic}
   size_t MinHeapDeltaBytes                        = 4194304                                   {product} {ergonomic}
   size_t MinHeapSize                              = 8388608                                   {product} {ergonomic}
    uintx NonNMethodCodeHeapSize                   = 5839372                                {pd product} {ergonomic}
    uintx NonProfiledCodeHeapSize                  = 122909434                              {pd product} {ergonomic}
    uintx ProfiledCodeHeapSize                     = 122909434                              {pd product} {ergonomic}
    uintx ReservedCodeCacheSize                    = 251658240                              {pd product} {ergonomic}
     bool SegmentedCodeCache                       = true                                      {product} {ergonomic}
   size_t SoftMaxHeapSize                          = 8568963072                             {manageable} {ergonomic}
     bool UseCompressedClassPointers               = true                           {product lp64_product} {ergonomic}
     bool UseCompressedOops                        = true                           {product lp64_product} {ergonomic}
     bool UseG1GC                                  = true                                      {product} {ergonomic}
     bool UseLargePagesIndividualAllocation        = false                                  {pd product} {ergonomic}

Logging:
Log output configuration:
 #0: stdout all=warning uptime,level,tags
 #1: stderr all=off uptime,level,tags

Environment Variables:
PATH=C:\Program Files\Common Files\Oracle\Java\javapath;C:\Program Files (x86)\Razer Chroma SDK\bin;C:\Program Files\Razer Chroma SDK\bin;C:\Program Files (x86)\Common Files\Oracle\Java\javapath;E:\Program Files (x86)\ARM\ADSv1_2\bin;C:\Windows\system32;C:\Windows;C:\Windows\System32\Wbem;C:\Windows\System32\WindowsPowerShell\v1.0\;C:\Windows\System32\OpenSSH\;E:\Program Files\Microsoft VS Code\bin;E:\Python\3.7\Scripts\;E:\Python\3.7\;C:\Users\Yann\AppData\Local\Microsoft\WindowsApps;C:\Users\Yann\AppData\Local\hyper\app-3.0.2\resources\bin;C:\Program Files\Microsoft SQL Server\130\Tools\Binn\;C:\Program Files\Git\cmd;C:\Program Files\Java\jdk-13.0.2\bin;C:\Users\Yann\AppData\Local\GitHubDesktop\bin;C:\WINDOWS\system32;C:\WINDOWS;C:\WINDOWS\System32\Wbem;C:\WINDOWS\System32\WindowsPowerShell\v1.0\;C:\WINDOWS\System32\OpenSSH\;C:\Users\Yann\.dotnet\tools;C:\Program Files\dotnet\;C:\Program Files\nodejs\;C:\Users\Yann\AppData\Local\Programs\Python\Python310\Scripts\;C:\Users\Yann\AppData\Local\Programs\Python\Python310\;C:\Users\Yann\.cargo\bin;E:\Python\3.7\Scripts\;E:\Python\3.7\;C:\Users\Yann\AppData\Local\Microsoft\WindowsApps;E:\Program Files\Microsoft VS Code\bin;C:\Users\Yann\AppData\Local\hyper\app-3.0.2\resources\bin;C:\Program Files\Java\jdk-13.0.2\bin;C:\Users\Yann\AppData\Local\Microsoft\WindowsApps;C:\Users\Yann\AppData\Local\GitHubDesktop\bin;C:\Users\Yann\.dotnet\tools;C:\Users\Yann\AppData\Roaming\npm;C:\Program Files\heroku\bin;C:\Program Files\Java\jdk-17.0.1\bin;
USERNAME=Yann
OS=Windows_NT
PROCESSOR_IDENTIFIER=AMD64 Family 23 Model 113 Stepping 0, AuthenticAMD



---------------  S Y S T E M  ---------------

OS:
 Windows 10 , 64 bit Build 19041 (10.0.19041.1348)
OS uptime: 0 days 4:48 hours

CPU: total 12 (initial active 12) (12 cores per cpu, 2 threads per core) family 23 model 113 stepping 0 microcode 0x0, cx8, cmov, fxsr, ht, mmx, 3dnowpref, sse, sse2, sse3, ssse3, sse4a, sse4.1, sse4.2, popcnt, lzcnt, tsc, tscinvbit, avx, avx2, aes, clmul, bmi1, bmi2, adx, sha, fma, vzeroupper, clflush, clflushopt

Memory: 4k page, system-wide physical 32683M (21470M free)
TotalPageFile size 37547M (AvailPageFile size 22676M)
current process WorkingSet (physical memory assigned to process): 111M, peak: 111M
current process commit charge ("private bytes"): 758M, peak: 758M

vm_info: Java HotSpot(TM) 64-Bit Server VM (17.0.1+12-LTS-39) for windows-amd64 JRE (17.0.1+12-LTS-39), built on Sep 27 2021 18:41:35 by "mach5one" with MS VC++ 16.8 (VS2019)

END.
